- 12:01:47.138 INFO: Searching 15161831 column state sequences.

- 12:01:47.193 INFO: tremolo_tmp/workdir_protein_1/dom_6/query_6.fasta is in A2M, A3M or FASTA format

- 12:01:47.193 INFO: Iteration 1

- 12:01:47.435 INFO: Prefiltering database

- 12:02:08.025 INFO: HMMs passed 1st prefilter (gapless profile-profile alignment)  : 451837

- 12:02:10.806 INFO: HMMs passed 2nd prefilter (gapped profile-profile alignment)   : 6344

- 12:02:10.807 INFO: HMMs passed 2nd prefilter and not found in previous iterations : 6344

- 12:02:10.807 INFO: Scoring 6344 HMMs using HMM-HMM Viterbi alignment

- 12:02:10.888 INFO: Alternative alignment: 0

- 12:02:12.171 INFO: 2000 alignments done

- 12:02:13.504 INFO: 4000 alignments done

- 12:02:14.723 INFO: 6000 alignments done

- 12:02:15.009 INFO: 6344 alignments done

- 12:02:15.010 INFO: Alternative alignment: 1

- 12:02:19.008 INFO: 6336 alignments done

- 12:02:19.015 INFO: Alternative alignment: 2

- 12:02:20.048 INFO: 976 alignments done

- 12:02:20.049 INFO: Alternative alignment: 3

- 12:02:20.392 INFO: 168 alignments done

- 12:02:20.473 INFO: Realigning 500 HMM-HMM alignments using Maximum Accuracy algorithm

- 12:02:25.675 INFO: 643 sequences belonging to 643 database HMMs found with an E-value < 0.001

- 12:02:25.675 INFO: Number of effective sequences of resulting query HMM: Neff = 8.60369

- 12:02:25.705 INFO: Iteration 2

- 12:02:25.940 INFO: Prefiltering database

- 12:02:46.605 INFO: HMMs passed 1st prefilter (gapless profile-profile alignment)  : 621056

- 12:02:51.713 WARNING: Number of hits passing 2nd prefilter (reduced from 81869 to allowed maximum of 20000).
You can increase the allowed maximum using the -maxfilt <max> option.

- 12:02:51.754 INFO: HMMs passed 2nd prefilter (gapped profile-profile alignment)   : 20000

- 12:02:51.754 INFO: HMMs passed 2nd prefilter and not found in previous iterations : 19364

- 12:02:51.754 INFO: Scoring 19364 HMMs using HMM-HMM Viterbi alignment

- 12:02:51.823 INFO: Alternative alignment: 0

- 12:02:52.457 INFO: 2000 alignments done

- 12:02:53.578 INFO: 4000 alignments done

- 12:02:55.143 INFO: 6000 alignments done

- 12:02:57.206 INFO: 8000 alignments done

- 12:02:58.908 INFO: 10000 alignments done

- 12:03:00.279 INFO: 12000 alignments done

- 12:03:01.619 INFO: 14000 alignments done

- 12:03:02.986 INFO: 16000 alignments done

- 12:03:04.348 INFO: 18000 alignments done

- 12:03:05.282 INFO: 19364 alignments done

- 12:03:05.284 INFO: Alternative alignment: 1

- 12:03:18.436 INFO: 19363 alignments done

- 12:03:18.462 INFO: Alternative alignment: 2

- 12:03:21.872 INFO: 3257 alignments done

- 12:03:21.874 INFO: Alternative alignment: 3

- 12:03:22.795 INFO: 557 alignments done

- 12:03:22.992 INFO: Rescoring previously found HMMs with Viterbi algorithm

- 12:03:23.064 INFO: Alternative alignment: 0

- 12:03:23.465 INFO: 639 alignments done

- 12:03:23.467 INFO: Alternative alignment: 1

- 12:03:23.902 INFO: 638 alignments done

- 12:03:23.903 INFO: Alternative alignment: 2

- 12:03:23.945 INFO: 51 alignments done

- 12:03:23.946 INFO: Alternative alignment: 3

- 12:03:23.962 INFO: 2 alignments done

- 12:03:24.200 INFO: Realigning 500 HMM-HMM alignments using Maximum Accuracy algorithm

- 12:03:26.331 INFO: 10950 sequences belonging to 10950 database HMMs found with an E-value < 0.001

Query         query_6 sp|O16810|ORC1_DROME 552-923
Match_columns 372
No_of_seqs    2146 out of 7575
Neff          8.60369
Searched_HMMs 22976
Date          Mon Feb 25 12:03:26 2019
Command       hhblits -i tremolo_tmp/workdir_protein_1/dom_6/query_6.fasta -d /bigdata/hhsuite/databases/uniclust/uniclust30_2018_08/uniclust30_2018_08 -scores tremolo_tmp/workdir_protein_1/dom_6/query_hhblits.scores -o tremolo_tmp/workdir_protein_1/dom_6/query_hhblits.hhr -E 1.0 -cov 10 -id 80 

 No Hit                             Prob E-value P-value  Score    SS Cols Query HMM  Template HMM
  1 tr|V4BTT9|V4BTT9_LOTGI Unchara 100.0   8E-85   3E-90  620.9   0.0  371    1-371    20-394 (395)
  2 tr|A0A093CQ73|A0A093CQ73_9AVES 100.0 4.7E-79 1.6E-84  601.6   0.0  367    1-369   484-854 (854)
  3 tr|A0A163JRF1|A0A163JRF1_ABSGL 100.0 5.7E-79 1.9E-84  574.4   0.0  371    1-371   155-542 (552)
  4 tr|A0A167C2H4|A0A167C2H4_9ASCO 100.0 7.6E-77 2.8E-82  603.9   0.0  372    1-372   337-740 (744)
  5 tr|A0A0S7X984|A0A0S7X984_9BACT 100.0 8.8E-73 3.2E-78  539.2   0.0  361    5-371    32-404 (420)
  6 tr|A0A1Y2AGA0|A0A1Y2AGA0_9FUNG 100.0 2.1E-72 6.8E-78  530.1   0.0  372    1-372   259-638 (643)
  7 tr|A0A077X1V7|A0A077X1V7_9FUNG 100.0   2E-71 6.6E-77  508.6   0.0  370    1-370   112-508 (517)
  8 tr|A0A2I0IES9|A0A2I0IES9_PUNGR 100.0 2.6E-71 8.7E-77  526.7   0.0  370    1-372   245-620 (627)
  9 tr|D6WQP2|D6WQP2_TRICA Origin  100.0 9.7E-71 3.1E-76  508.3   0.0  368    1-368   196-565 (566)
 10 tr|A0A182H305|A0A182H305_AEDAL 100.0 1.5E-69 5.2E-75  535.0   0.0  297    1-297   555-856 (857)
 11 tr|A0A0F8AP60|A0A0F8AP60_LARCR 100.0 2.7E-69 8.9E-75  530.8   0.0  369    1-369   656-1079(1079)
 12 tr|A0A1E3PGG4|A0A1E3PGG4_9ASCO 100.0 3.9E-69 1.3E-74  489.1   0.0  372    1-372    20-446 (450)
 13 tr|A0A2G5DYJ7|A0A2G5DYJ7_AQUCA 100.0 4.8E-69 1.6E-74  522.3   0.0  370    1-371   417-805 (813)
 14 tr|Q28FT2|Q28FT2_XENTR Cell di 100.0 6.4E-69 2.2E-74  518.1   0.0  360    1-370   154-547 (557)
 15 tr|C0NJ64|C0NJ64_AJECG Origin  100.0 8.9E-69   3E-74  523.0   0.0  372    1-372   357-827 (836)
 16 tr|G0EDN6|G0EDN6_PYRF1 ORC1-ty 100.0 1.7E-68 6.4E-74  514.4   0.0  361    4-370    19-394 (403)
 17 tr|A0A1Y1YV93|A0A1Y1YV93_9FUNG 100.0 2.7E-68   1E-73  516.2   0.0  362    1-370     4-399 (447)
 18 tr|E9IHP4|E9IHP4_SOLIN Unchara 100.0   7E-68 2.3E-73  507.5   0.0  338    1-368   365-702 (706)
 19 tr|A0A2P5RMR9|A0A2P5RMR9_GOSBA 100.0 1.3E-66 4.2E-72  507.9   0.0  370    1-371   554-941 (949)
 20 tr|B7Q2L8|B7Q2L8_IXOSC Cell di 100.0 2.6E-66 8.2E-72  474.4   0.0  367    2-368   190-564 (565)
 21 tr|F9F1H9|F9F1H9_FUSOF Unchara 100.0 2.3E-65 7.5E-71  487.8   0.0  360    1-372   226-627 (634)
 22 tr|A0A1B6CXR5|A0A1B6CXR5_9HEMI 100.0 2.3E-65 7.7E-71  483.6   0.0  360    1-371   115-493 (504)
 23 tr|A0A1V2L2D4|A0A1V2L2D4_CYBFA 100.0   3E-65   1E-70  501.5   0.0  366    5-371   283-684 (696)
 24 tr|A0A2R6GR90|A0A2R6GR90_9EURY 100.0   6E-65 1.9E-70  469.6   0.0  361    4-370   113-538 (556)
 25 tr|A0A2H3EKS9|A0A2H3EKS9_ARMGA 100.0 1.2E-63 4.1E-69  496.0   0.0  366    3-369   420-815 (826)
 26 tr|A0A084W2A7|A0A084W2A7_ANOSI 100.0   3E-63   1E-68  469.5   0.0  346    4-370    83-448 (462)
 27 tr|A0A293LT46|A0A293LT46_ORNER 100.0 1.3E-62 4.1E-68  446.5   0.0  368    1-368   253-628 (629)
 28 tr|A0A0R3T984|A0A0R3T984_HYMNN 100.0 6.7E-62 2.2E-67  444.5   0.0  357   13-369   118-494 (496)
 29 tr|A0A2S5BIL3|A0A2S5BIL3_9BASI 100.0 9.3E-62 3.1E-67  473.7   0.0  369    1-372   499-911 (919)
 30 tr|A0A0C9PT19|A0A0C9PT19_9HYME 100.0 1.6E-61 5.1E-67  452.8   0.0  369    1-369   547-915 (917)
 31 tr|U4UQB9|U4UQB9_DENPD Unchara 100.0 3.8E-61 1.2E-66  447.3   0.0  364    1-368   327-691 (692)
 32 tr|A0A2T9YDE1|A0A2T9YDE1_9FUNG 100.0   9E-61 2.9E-66  460.6   0.0  370    2-371   422-826 (831)
 33 tr|A0A1W4WTG5|A0A1W4WTG5_AGRPL 100.0 7.2E-60 2.2E-65  427.2   0.0  367    2-368   234-601 (603)
 34 tr|A0A2B4SQH4|A0A2B4SQH4_STYPI 100.0   1E-59 3.2E-65  432.9   0.0  366    1-369   352-721 (723)
 35 tr|A0A146XLR3|A0A146XLR3_FUNHE 100.0 1.8E-59 5.7E-65  428.5   0.0  369    1-369   284-669 (669)
 36 tr|I7CRI9|I7CRI9_NATSJ ORC1-ty 100.0 2.1E-59 7.3E-65  440.7   0.0  359    5-370   109-489 (491)
 37 tr|A0A232FBG1|A0A232FBG1_9HYME 100.0 3.4E-59   1E-64  431.6   0.0  368    1-368   398-765 (768)
 38 tr|A0A256ZZP7|A0A256ZZP7_9EURY 100.0 8.5E-59 3.1E-64  438.5   0.0  333    5-345    19-363 (366)
 39 tr|E7E2N7|E7E2N7_BOMMO Origin  100.0 1.2E-58 3.7E-64  428.2   0.0  357    3-368   228-592 (595)
 40 tr|A0A2C9JZG0|A0A2C9JZG0_BIOGL 100.0 2.6E-58 8.1E-64  439.7   0.0  370    1-370   847-1220(1223)
 41 tr|M0PL85|M0PL85_9EURY ORC1-ty 100.0 2.9E-58 9.3E-64  431.0   0.0  364    4-370   199-632 (650)
 42 tr|A0A220SXA8|A0A220SXA8_9EURY 100.0 4.8E-58 1.6E-63  427.9   0.0  360    4-369    16-428 (442)
 43 tr|A0A1Y1ZDM3|A0A1Y1ZDM3_9FUNG 100.0 5.7E-58 1.8E-63  432.5   0.0  370    1-370   298-678 (1021)
 44 tr|A0A2R5GRB9|A0A2R5GRB9_9STRA 100.0 5.5E-58 1.8E-63  433.9   0.0  368    1-369   274-694 (704)
 45 tr|A0A1J7HV19|A0A1J7HV19_LUPAN 100.0   6E-58   2E-63  429.3   0.0  367    2-369   155-556 (582)
 46 tr|A0A090L8Y8|A0A090L8Y8_STRRB 100.0 6.9E-58 2.2E-63  424.6   0.0  361    4-369   177-540 (542)
 47 tr|A0A2J7RHR9|A0A2J7RHR9_9NEOP 100.0 7.9E-58 2.4E-63  429.4   0.0  367    1-367   579-948 (949)
 48 tr|A0A2T7NRZ6|A0A2T7NRZ6_POMCA 100.0 7.9E-58 2.4E-63  423.3   0.0  368    1-368   414-783 (784)
 49 tr|A0A1H5X419|A0A1H5X419_9EURY 100.0 9.6E-58   3E-63  420.7   0.0  364    4-370   164-589 (607)
 50 tr|A0A0R3W3X2|A0A0R3W3X2_TAEAS 100.0 9.8E-58 3.2E-63  428.1   0.0  362    7-368   284-668 (670)
 51 tr|U6PJ93|U6PJ93_HAECO ATPase  100.0 1.7E-57 5.5E-63  437.8   0.0  366    1-371   341-733 (739)
 52 tr|A0A2G9PFY9|A0A2G9PFY9_9ARCH 100.0 1.8E-57 6.2E-63  417.5   0.0  326    5-356     7-341 (341)
 53 tr|A0A0J7KW65|A0A0J7KW65_LASNI 100.0 6.5E-57 2.1E-62  422.6   0.0  360    1-371   264-655 (666)
 54 tr|G7VBC8|G7VBC8_9CREN ORC1-ty 100.0 8.3E-57   3E-62  424.0   0.0  345    5-362     7-375 (389)
 55 tr|K1Q150|K1Q150_CRAGI Origin  100.0 9.8E-57   3E-62  437.3   0.0  372    1-372  1375-1751(1751)
 56 tr|A0A2U9BN08|A0A2U9BN08_SCOMX 100.0 9.9E-57 3.2E-62  435.2   0.0  354    1-369   598-973 (986)
 57 tr|A0A1B6E2T4|A0A1B6E2T4_9HEMI 100.0 1.4E-56 4.2E-62  412.3   0.0  363    1-367   355-717 (718)
 58 tr|A0A0R3W4R9|A0A0R3W4R9_TAEAS 100.0 2.1E-56 7.3E-62  421.2   0.0  357    5-370    58-497 (509)
 59 tr|A9V9J0|A9V9J0_MONBE Predict 100.0 2.3E-56 7.3E-62  423.2   0.0  370    2-371   383-775 (807)
 60 tr|A0A261Y2R7|A0A261Y2R7_9FUNG 100.0 3.8E-56 1.2E-61  419.0   0.0  371    1-371   596-972 (977)
 61 tr|M5FVQ7|M5FVQ7_DACPD p-loop  100.0 4.7E-56 1.6E-61  380.6   0.0  239    2-240     3-251 (251)
 62 tr|A0A0R3S231|A0A0R3S231_9BILA 100.0 5.2E-56 1.7E-61  418.0   0.0  365    2-369   326-693 (698)
 63 tr|G2MQH4|G2MQH4_9EURY ORC1-ty 100.0   5E-56 1.7E-61  421.8   0.0  357    6-370    68-486 (508)
 64 tr|N0BIE5|N0BIE5_9EURY ORC1-ty 100.0 5.2E-56 1.9E-61  414.8   0.0  344    5-369    14-367 (369)
 65 tr|A0A1B6GSS0|A0A1B6GSS0_9HEMI 100.0 8.9E-56 2.8E-61  401.0   0.0  362    4-369   242-603 (605)
 66 tr|A0A2G5BFX7|A0A2G5BFX7_COERN 100.0 1.3E-55 4.4E-61  383.2   0.0  252   41-292     1-273 (275)
 67 tr|A0A1C7NNZ5|A0A1C7NNZ5_9FUNG 100.0 1.9E-55 5.8E-61  399.5   0.0  370    1-370   209-600 (614)
 68 tr|A0A146W986|A0A146W986_FUNHE 100.0 1.8E-55 5.8E-61  408.1   0.0  346    1-361   235-603 (603)
 69 tr|M0C2S6|M0C2S6_9EURY ORC1-ty 100.0 2.4E-55 8.2E-61  416.2   0.0  361    5-370    66-453 (475)
 70 tr|A0A2P2I8D1|A0A2P2I8D1_9CRUS 100.0 3.1E-55 9.6E-61  404.3   0.0  368    1-368   347-732 (737)
 71 tr|W8CDH4|W8CDH4_CERCA Cell di 100.0 3.4E-55 1.1E-60  410.6   0.0  359    1-370   203-597 (612)
 72 tr|A0A2U1NIV4|A0A2U1NIV4_ARTAN 100.0   4E-55 1.4E-60  413.8   0.0  341    2-369    95-477 (485)
 73 tr|A0A1E3PTM6|A0A1E3PTM6_9ASCO 100.0 8.8E-55 3.1E-60  423.8   0.0  361    2-369   142-600 (611)
 74 tr|K7FDS4|K7FDS4_PELSI Unchara 100.0 1.5E-54 4.6E-60  416.0   0.0  343    1-343   119-465 (1310)
 75 tr|A0A0C3DT34|A0A0C3DT34_9HOMO 100.0 1.7E-54 5.5E-60  406.3   0.0  367    2-368   236-642 (656)
 76 tr|J9K6W0|J9K6W0_ACYPI Unchara 100.0 2.1E-54 6.5E-60  403.7   0.0  366    1-368   414-780 (783)
 77 tr|A0A1B6LMD1|A0A1B6LMD1_9HEMI 100.0 5.4E-54 1.7E-59  401.1   0.0  364    2-368   500-863 (866)
 78 tr|A0A0B7JUU4|A0A0B7JUU4_BIOOC 100.0 7.9E-54 2.7E-59  413.4   0.0  360    1-368   115-579 (595)
 79 tr|A0A1Y2GHM4|A0A1Y2GHM4_9FUNG 100.0 9.9E-54 3.2E-59  399.1   0.0  368    1-369    89-564 (584)
 80 tr|A0A127ZE23|A0A127ZE23_9BASI 100.0   1E-53 3.3E-59  414.1   0.0  370    2-371   555-969 (976)
 81 tr|A0A1H3M1S0|A0A1H3M1S0_9EURY 100.0 1.4E-53 4.6E-59  396.6   0.0  364    4-370   216-667 (685)
 82 tr|A0A0M8MYQ4|A0A0M8MYQ4_9BASI 100.0 1.6E-53   5E-59  387.9   0.0  370    2-371   104-510 (523)
 83 tr|A0A1V9XYI1|A0A1V9XYI1_9ACAR 100.0 1.6E-53   5E-59  393.3   0.0  364    1-364   106-488 (742)
 84 tr|A0A1A0HDG1|A0A1A0HDG1_9ASCO 100.0 2.8E-53 8.9E-59  407.3   0.0  370    2-371   490-910 (915)
 85 tr|A0A1X7V3Y9|A0A1X7V3Y9_AMPQE 100.0 2.9E-53 8.9E-59  399.4   0.0  369    1-369   588-957 (962)
 86 tr|F1KTP7|F1KTP7_ASCSU Origin  100.0 3.6E-53 1.1E-58  392.1   0.0  366    1-369   282-650 (655)
 87 tr|J3MBY1|J3MBY1_ORYBR Unchara 100.0 5.2E-53 1.6E-58  396.9   0.0  370    1-371   541-927 (935)
 88 tr|A0A095C746|A0A095C746_SCHHA 100.0 5.7E-53 1.8E-58  384.1   0.0  356   16-371   206-578 (579)
 89 tr|A0A2P5XQ25|A0A2P5XQ25_GOSBA 100.0 5.7E-53 1.8E-58  373.6   0.0  353   18-371    42-418 (426)
 90 tr|A0A0L1HQQ2|A0A0L1HQQ2_9PLEO 100.0 7.1E-53 2.2E-58  402.8   0.0  371    1-371   590-1062(1070)
 91 tr|K1WXV5|K1WXV5_TRIAC Replica 100.0 8.1E-53 2.7E-58  409.2   0.0  368    1-369   382-788 (799)
 92 tr|A0A1I7TMA5|A0A1I7TMA5_9PELO 100.0 9.1E-53 2.9E-58  395.9   0.0  359    3-368   264-636 (647)
 93 tr|I0YIK3|I0YIK3_COCSC p-loop  100.0 1.3E-52 4.3E-58  403.9   0.0  370    1-371   538-965 (974)
 94 tr|M0AMU3|M0AMU3_NATA1 Orc1/cd 100.0 1.4E-52 5.2E-58  391.3   0.0  313    5-348     5-326 (347)
 95 tr|A0A1V9X762|A0A1V9X762_9ACAR 100.0 2.7E-52 8.7E-58  381.8   0.0  354    1-370   118-493 (506)
 96 tr|A0A0F4Z5R2|A0A0F4Z5R2_TALEM 100.0 3.1E-52 1.1E-57  407.4   0.0  336    1-343   181-589 (657)
 97 tr|A0A1S7HRH3|A0A1S7HRH3_9SACH 100.0 3.5E-52 1.2E-57  423.1   0.0  358   14-371   576-1014(1018)
 98 tr|W9RXE1|W9RXE1_9ROSA Unchara 100.0 5.2E-52 1.7E-57  392.2   0.0  342    2-369   117-496 (589)
 99 tr|W4GJL0|W4GJL0_9STRA Unchara 100.0 5.3E-52 1.8E-57  394.0   0.0  363    1-370   204-578 (585)
100 tr|A0A177WP20|A0A177WP20_BATDE 100.0 1.1E-51 3.5E-57  396.3   0.0  366    3-368   919-1289(1302)
101 tr|A0A1E3Q4F7|A0A1E3Q4F7_LIPST 100.0 1.1E-51 3.6E-57  380.0   0.0  364    3-372   280-707 (713)
102 tr|A0A1B0CCP3|A0A1B0CCP3_LUTLO 100.0 1.3E-51 4.1E-57  396.3   0.0  362    7-369   964-1325(1326)
103 tr|A0A2K3DBH8|A0A2K3DBH8_CHLRE 100.0 1.3E-51 4.4E-57  401.3   0.0  367    1-371   562-950 (959)
104 tr|A0A0C9MS22|A0A0C9MS22_9FUNG 100.0 1.9E-51 5.8E-57  401.9   0.0  365    2-366   157-537 (1841)
105 tr|A0A176WKH3|A0A176WKH3_MARPO 100.0 4.6E-51 1.4E-56  392.8   0.0  369    1-370   914-1335(1343)
106 tr|A0A1Y3NIF3|A0A1Y3NIF3_PIRSE 100.0 4.9E-51 1.5E-56  359.7   0.0  328   44-371   104-439 (445)
107 tr|A0A2A2J6V2|A0A2A2J6V2_9BILA 100.0   5E-51 1.7E-56  379.6   0.0  337   12-370     3-368 (378)
108 tr|A0A2E8TQ78|A0A2E8TQ78_9EURY 100.0 5.3E-51 1.8E-56  380.6   0.0  355    5-368    90-460 (465)
109 tr|A0A1Y2BT57|A0A1Y2BT57_9FUNG 100.0   7E-51 2.2E-56  366.1   0.0  370    1-370   140-537 (547)
110 tr|F0ZH44|F0ZH44_DICPU Unchara 100.0 8.1E-51 2.5E-56  365.5   0.0  369    1-371   157-538 (543)
111 tr|A0A0L0G511|A0A0L0G511_9EUKA 100.0 1.3E-50 4.1E-56  373.3   0.0  370    1-370   154-558 (579)
112 tr|A0A2K1K1H4|A0A2K1K1H4_PHYPA 100.0 3.7E-50 1.1E-55  380.2   0.0  370    1-371   601-1012(1020)
113 tr|A0A2R6X1E8|A0A2R6X1E8_MARPO 100.0 6.7E-50 2.1E-55  372.5   0.0  365    3-369   284-694 (702)
114 tr|A0A1B0CLZ9|A0A1B0CLZ9_LUTLO 100.0 8.1E-50 2.6E-55  367.0   0.0  360    1-370   174-561 (577)
115 tr|L8HMA5|L8HMA5_ACACA ATPase, 100.0 9.5E-50   3E-55  352.3   0.0  339    1-371    90-439 (453)
116 tr|A0A1R0GXR7|A0A1R0GXR7_9FUNG 100.0   1E-49 3.1E-55  361.7   0.0  369    2-370   194-589 (597)
117 tr|A0A256YHR1|A0A256YHR1_9CREN 100.0 1.6E-49 5.5E-55  359.9   0.0  259    5-268    23-290 (292)
118 sp|Q54RM2|ORC1_DICDI Origin re 100.0 1.9E-49   6E-55  361.6   0.0  370    1-372   218-623 (631)
119 tr|E5SHN2|E5SHN2_TRISP Putativ 100.0 2.6E-49 8.1E-55  385.5   0.0  363    2-367   841-1229(1229)
120 tr|A0A0F9WIL1|A0A0F9WIL1_9MICR 100.0 3.4E-49 1.2E-54  362.5   0.0  319   17-371     3-321 (328)
121 tr|G4YG58|G4YG58_PHYSP Unchara 100.0 3.9E-49 1.3E-54  360.7   0.0  366    1-367    90-485 (495)
122 tr|D3BJB8|D3BJB8_POLPP Origin  100.0 8.2E-49 2.6E-54  362.2   0.0  313    2-316   264-593 (601)
123 tr|A0A0L0DJ14|A0A0L0DJ14_THETB 100.0 1.6E-48 5.1E-54  359.9   0.0  368    3-371   345-717 (724)
124 tr|A0A2A2J5A3|A0A2A2J5A3_9BILA 100.0 1.6E-48 5.1E-54  350.0   0.0  364    2-368   143-511 (530)
125 tr|A0A256XBH7|A0A256XBH7_9CREN 100.0 1.9E-48   7E-54  367.2   0.0  336    4-344     5-357 (385)
126 tr|A0A1E5V1A5|A0A1E5V1A5_9POAL 100.0 2.4E-48 7.7E-54  353.5   0.0  368    2-369   157-539 (547)
127 tr|A5E1U2|A5E1U2_LODEL Cell di 100.0 2.6E-48 8.9E-54  371.0   0.0  360    1-369   110-543 (555)
128 tr|A0A0N5DP57|A0A0N5DP57_TRIMR 100.0   4E-48 1.2E-53  356.1   0.0  363    2-367   313-693 (695)
129 tr|A0A2G9PA58|A0A2G9PA58_9ARCH 100.0 4.5E-48 1.5E-53  356.0   0.0  323    6-355    17-348 (360)
130 tr|A0A146IF46|A0A146IF46_9AGAR 100.0   8E-48 2.5E-53  360.8   0.0  307    3-310   361-687 (710)
131 tr|K8EIT3|K8EIT3_9CHLO Unnamed 100.0 1.1E-47 3.3E-53  365.1   0.0  368    1-369   672-1066(1079)
132 tr|A0A165E0K4|A0A165E0K4_9BASI 100.0 1.1E-47 3.3E-53  347.2   0.0  366    3-368   168-557 (570)
133 tr|A0A1B1DU70|A0A1B1DU70_9APIC 100.0 1.3E-47 4.2E-53  377.1   0.0  338    2-343   710-1054(1132)
134 tr|U1PH51|U1PH51_9EURY Orc1/cd 100.0 1.3E-47 4.7E-53  351.9   0.0  289   75-370     5-310 (313)
135 tr|A0A1Z5L925|A0A1Z5L925_ORNMO 100.0 1.6E-47 4.9E-53  340.0   0.0  241    1-241   234-474 (474)
136 tr|A0A1I8JGS0|A0A1I8JGS0_9PLAT 100.0 1.7E-47 5.2E-53  365.8   0.0  361    2-367   789-1160(1179)
137 tr|A0A1Y2BSI6|A0A1Y2BSI6_9BASI 100.0 1.7E-47 5.2E-53  335.9   0.0  309    1-312     2-359 (376)
138 tr|A0A146W938|A0A146W938_FUNHE 100.0 1.7E-47 6.2E-53  358.4   0.0  275   86-369     3-346 (359)
139 tr|A0A2P6U4J0|A0A2P6U4J0_CHLSO 100.0 3.5E-47 1.1E-52  363.4   0.0  370    1-371   450-864 (1165)
140 tr|D3SXD8|D3SXD8_NATMM ORC1-ty 100.0 3.6E-47 1.2E-52  349.6   0.0  357    4-370    25-403 (423)
141 tr|A0A1W5BAT5|A0A1W5BAT5_CIOIN 100.0 4.7E-47 1.5E-52  347.7   0.0  273    2-276   371-648 (663)
142 tr|A0A2H5P4F2|A0A2H5P4F2_CITUN 100.0 6.6E-47   2E-52  363.8   0.0  328    1-329   921-1267(1289)
143 tr|A0A1E4S177|A0A1E4S177_CYBJA 100.0 9.2E-47 3.1E-52  356.7   0.0  363    2-368   136-534 (550)
144 tr|A0A2U9R596|A0A2U9R596_PICKU 100.0 9.2E-47 3.1E-52  359.7   0.0  368    1-369    83-534 (545)
145 tr|E4XD69|E4XD69_OIKDI Unchara 100.0 1.2E-46 3.7E-52  358.2   0.0  365    3-369   707-1083(1085)
146 tr|A0A0D2X442|A0A0D2X442_CAPO3 100.0 2.3E-46 7.3E-52  344.4   0.0  355    3-371   284-665 (689)
147 tr|Q18F92|Q18F92_HALWD ORC1-ty 100.0 3.3E-46 1.1E-51  340.2   0.0  320    5-356     7-338 (342)
148 tr|A0A177UER9|A0A177UER9_9BASI 100.0 4.6E-46 1.5E-51  348.2   0.0  368    2-369   232-722 (731)
149 tr|A0A196SFH6|A0A196SFH6_BLAHN 100.0 6.3E-46   2E-51  341.5   0.0  363    2-370   303-677 (687)
150 tr|A0A1R2AP42|A0A1R2AP42_9CILI 100.0 1.1E-45 3.5E-51  336.0   0.0  361    2-372   231-593 (603)
151 tr|A0A075GEX8|A0A075GEX8_9ARCH 100.0 1.1E-45 3.6E-51  336.9   0.0  357    4-371   153-534 (539)
152 tr|A0A0D3EWF3|A0A0D3EWF3_9ORYZ 100.0 1.2E-45 3.7E-51  338.8   0.0  368    2-369   218-598 (628)
153 tr|R1DTQ0|R1DTQ0_EMIHU Unchara 100.0 1.6E-45 4.9E-51  340.8   0.0  339    2-344   347-706 (734)
154 tr|E9PY34|E9PY34_MOUSE Cell di 100.0   2E-45 6.5E-51  329.6   0.0  239    1-249   159-405 (417)
155 tr|M0M165|M0M165_9EURY Orc1-ty 100.0 2.1E-45   7E-51  323.5   0.0  250    4-265    14-270 (273)
156 tr|H3CCT0|H3CCT0_TETNG Origin  100.0 3.3E-45 1.2E-50  351.3   0.0  362    6-371    26-420 (436)
157 tr|A0A2H5NDB6|A0A2H5NDB6_CITUN 100.0   4E-45 1.3E-50  351.7   0.0  366    2-369   111-483 (1090)
158 tr|A0A2H8TT12|A0A2H8TT12_9HEMI 100.0 6.1E-45 1.9E-50  330.1   0.0  269    1-271   307-576 (580)
159 tr|A0A212CG44|A0A212CG44_CEREH 100.0 6.5E-45 2.1E-50  345.6   0.0  221    1-239   457-677 (677)
160 tr|A0A178WHF4|A0A178WHF4_ARATH 100.0 7.4E-45 2.3E-50  344.1   0.0  368    2-370   111-498 (995)
161 tr|A0A183GRW2|A0A183GRW2_HELBK 100.0 8.6E-45 2.7E-50  325.6   0.0  309   22-335   130-443 (444)
162 tr|A0A151W0S1|A0A151W0S1_HYPMA 100.0 8.8E-45 2.7E-50  352.4   0.0  366    3-369   451-849 (1509)
163 tr|A0A0D2WSH5|A0A0D2WSH5_CAPO3 100.0   1E-44 3.2E-50  333.3   0.0  350    1-370   171-671 (680)
164 tr|B8B3M1|B8B3M1_ORYSI Unchara 100.0 1.3E-44   4E-50  343.6   0.0  330    1-371   355-697 (1043)
165 tr|A0A1W2W074|A0A1W2W074_CIOIN 100.0 1.7E-44 5.4E-50  330.7   0.0  357    4-370   259-640 (652)
166 tr|A0A197K4A1|A0A197K4A1_9FUNG 100.0 2.3E-44 7.1E-50  340.9   0.0  369    1-370   349-806 (825)
167 tr|A0A0H5R210|A0A0H5R210_9EUKA 100.0 2.3E-44 7.2E-50  341.4   0.0  364    2-370   424-795 (800)
168 tr|A0A2H1EFA3|A0A2H1EFA3_9ARCH 100.0 2.1E-44 7.2E-50  336.7   0.0  349    6-368    33-401 (457)
169 tr|A0A1D2VP20|A0A1D2VP20_9ASCO 100.0 3.2E-44 9.9E-50  337.5   0.0  370    1-370   350-893 (900)
170 tr|A0A1S8W3J0|A0A1S8W3J0_9FUNG 100.0 3.2E-44   1E-49  332.3   0.0  366    1-369   144-593 (611)
171 tr|A0A1Y5IND9|A0A1Y5IND9_OSTTA 100.0   4E-44 1.2E-49  345.9   0.0  340    4-344   435-810 (1354)
172 tr|A0A0V1IUE0|A0A0V1IUE0_TRIPS 100.0   4E-44 1.2E-49  335.1   0.0  362    2-366   451-839 (840)
173 tr|Q4MZP7|Q4MZP7_THEPA Origin  100.0 4.8E-44 1.6E-49  343.5   0.0  349   15-370   254-635 (645)
174 tr|A0A182R3F5|A0A182R3F5_ANOFN 100.0 7.1E-44 2.2E-49  335.9   0.0  346   13-368    84-446 (784)
175 tr|A0A0V1GXM7|A0A0V1GXM7_9BILA 100.0 8.1E-44 2.5E-49  328.7   0.0  339    2-343   298-665 (711)
176 tr|R7QSM4|R7QSM4_CHOCR Unchara 100.0 8.2E-44 2.5E-49  318.1   0.0  358   12-370    91-486 (495)
177 tr|F0ZL02|F0ZL02_DICPU Unchara 100.0 8.3E-44 2.7E-49  327.1   0.0  336   15-368    30-409 (446)
178 tr|A0A0B3AI92|A0A0B3AI92_9ARCH 100.0   1E-43 3.4E-49  340.5   0.0  313   48-365   436-763 (773)
179 tr|A0A183AGF8|A0A183AGF8_9TREM 100.0 1.2E-43 3.9E-49  317.5   0.0  307   13-319   150-493 (505)
180 tr|X1A1Y3|X1A1Y3_9ZZZZ Unchara 100.0 1.1E-43 3.9E-49  332.6   0.0  348    5-362    19-383 (440)
181 tr|S2J1S7|S2J1S7_MUCC1 Unchara 100.0 1.9E-43 6.2E-49  320.1   0.0  284   85-371     2-340 (354)
182 tr|A0A1I8H326|A0A1I8H326_9PLAT 100.0 2.4E-43 7.5E-49  321.2   0.0  361    2-367   139-510 (529)
183 tr|A0A212F0P9|A0A212F0P9_DANPL 100.0 2.9E-43 9.4E-49  348.9   0.0  349   11-370  1077-1450(1465)
184 tr|H2YCD2|H2YCD2_CIOSA Unchara 100.0 2.8E-43 9.4E-49  307.8   0.0  242  128-370     2-267 (279)
185 tr|H0YVN9|H0YVN9_TAEGU Cell di 100.0 3.5E-43 1.1E-48  302.1   0.0  236    6-251    14-254 (267)
186 tr|C5LTD9|C5LTD9_PERM5 Origin  100.0 4.1E-43 1.3E-48  316.6   0.0  335    6-343   136-486 (544)
187 tr|R9APF7|R9APF7_WALI9 Origin  100.0 5.1E-43 1.6E-48  322.4   0.0  363    4-370   278-675 (682)
188 tr|A0A0D9YHG6|A0A0D9YHG6_9ORYZ 100.0 5.6E-43 1.7E-48  326.5   0.0  369    2-370   123-526 (804)
189 tr|D7FYY4|D7FYY4_ECTSI Origin  100.0 6.5E-43   2E-48  328.6   0.0  368    2-371   467-869 (891)
190 tr|A0A0K3CFZ7|A0A0K3CFZ7_RHOTO 100.0 6.5E-43   2E-48  322.7   0.0  340    1-371   329-699 (708)
191 tr|I4YHS0|I4YHS0_WALMC p-loop  100.0 8.3E-43 2.6E-48  319.0   0.0  363    4-370   231-628 (635)
192 tr|A0A147BA36|A0A147BA36_9ACAR 100.0 1.2E-42 3.9E-48  299.8   0.0  257  113-369     9-274 (274)
193 tr|A0A1G4K6P2|A0A1G4K6P2_9SACH 100.0 1.6E-42 5.4E-48  334.9   0.0  349   15-365   106-505 (516)
194 tr|A0A1R1PC13|A0A1R1PC13_ZANCU 100.0 1.9E-42   6E-48  301.7   0.0  245    6-250    56-307 (390)
195 tr|D8TYM7|D8TYM7_VOLCA Origin  100.0 2.3E-42 7.3E-48  323.0   0.0  365    2-371   368-758 (823)
196 tr|A2FU77|A2FU77_TRIVA Unchara 100.0 3.1E-42 9.8E-48  319.3   0.0  368    1-371   203-583 (593)
197 tr|A0A0P4VR58|A0A0P4VR58_9EUCA 100.0 3.4E-42 1.1E-47  324.0   0.0  353    6-369   489-877 (899)
198 tr|A0A1I3Q9W4|A0A1I3Q9W4_9EURY 100.0 3.1E-42 1.1E-47  324.7   0.0  311    5-345     5-328 (361)
199 tr|A0A0G4IT11|A0A0G4IT11_PLABS 100.0 5.9E-42 1.9E-47  306.2   0.0  351    3-370    50-404 (416)
200 tr|A0A1R1YEN4|A0A1R1YEN4_9FUNG 100.0 6.7E-42 2.1E-47  308.8   0.0  247    2-248   291-542 (544)
201 tr|A0A0L9VBR4|A0A0L9VBR4_PHAAN 100.0 1.1E-41 3.6E-47  305.6   0.0  307    1-312    63-398 (403)
202 tr|A0A0F4ZFX8|A0A0F4ZFX8_9PEZI 100.0 3.1E-41   1E-46  322.6   0.0  335    2-344   272-703 (770)
203 tr|A0A0N4WHA5|A0A0N4WHA5_HAEPC 100.0 3.7E-41 1.2E-46  278.2   0.0  214   43-260     1-217 (221)
204 tr|A0A1I7SVE9|A0A1I7SVE9_BURXY 100.0 5.2E-41 1.6E-46  308.3   0.0  364    1-368   279-648 (654)
205 tr|U4KVS8|U4KVS8_PYROM Cell di 100.0 6.2E-41   2E-46  312.0   0.0  352    2-368   193-607 (622)
206 tr|A0A267F9Y6|A0A267F9Y6_9PLAT 100.0 6.5E-41   2E-46  311.6   0.0  361    2-367   287-658 (677)
207 tr|A0A1Y5IIA6|A0A1Y5IIA6_OSTTA 100.0 7.6E-41 2.3E-46  320.0   0.0  361    4-368   730-1116(1129)
208 tr|A0A1Y1HW69|A0A1Y1HW69_KLENI 100.0 8.4E-41 2.6E-46  314.4   0.0  368    1-369   395-875 (885)
209 tr|A0A0L0S5A7|A0A0L0S5A7_ALLMA 100.0 1.7E-40 5.1E-46  305.0   0.0  281    1-281   258-601 (653)
210 tr|H3GZK3|H3GZK3_PHYRM Unchara 100.0 1.8E-40 6.1E-46  338.7   0.0  366    2-371   803-1207(1212)
211 tr|L9ZM20|L9ZM20_9EURY ORC1-ty 100.0 2.3E-40 7.1E-46  298.3   0.0  356    7-369    23-399 (512)
212 tr|A0A0D2LX07|A0A0D2LX07_9CHLO 100.0 4.4E-40 1.4E-45  301.4   0.0  361    2-370   235-622 (632)
213 tr|L9X150|L9X150_9EURY ORC1-ty 100.0 6.2E-40 2.1E-45  302.9   0.0  353    4-367    20-393 (429)
214 tr|W0I6R0|W0I6R0_9EURY ORC1-ty 100.0 7.3E-40 2.4E-45  297.0   0.0  332    5-348    22-369 (420)
215 tr|A0A151LG62|A0A151LG62_9APIC 100.0 8.9E-40 2.7E-45  306.3   0.0  337    3-343   416-759 (835)
216 tr|A0A2V3IMR1|A0A2V3IMR1_9FLOR 100.0 1.1E-39 3.5E-45  305.0   0.0  355   15-370   408-806 (814)
217 tr|F4PZV3|F4PZV3_CAVFA Origin  100.0 1.2E-39 3.8E-45  300.2   0.0  248    1-249   350-604 (676)
218 tr|U9T192|U9T192_RHIID Origin  100.0 1.4E-39 4.5E-45  294.1   0.0  363    1-366   164-536 (547)
219 tr|A0A0F7UB73|A0A0F7UB73_NEOCL 100.0 2.4E-39 7.7E-45  313.9   0.0  310    2-314   496-879 (1055)
220 tr|S9WPJ3|S9WPJ3_CAMFR Unchara 100.0 2.6E-39 8.1E-45  315.4   0.0  300    1-370  1232-1542(1553)
221 tr|A0A261XV42|A0A261XV42_9FUNG 100.0 2.8E-39 8.7E-45  320.0   0.0  367    1-370    15-449 (2156)
222 tr|A0A075A351|A0A075A351_9TREM 100.0 3.6E-39 1.1E-44  293.1   0.0  354    8-369   160-564 (577)
223 tr|A9V827|A9V827_MONBE Cell di 100.0 3.9E-39 1.2E-44  294.9   0.0  357    2-369   238-603 (624)
224 tr|A0A1I8BMD5|A0A1I8BMD5_MELHA 100.0 4.2E-39 1.3E-44  300.8   0.0  365    1-368   408-791 (800)
225 tr|A0A1I8B092|A0A1I8B092_MELHA 100.0 8.2E-39 2.6E-44  294.3   0.0  344   17-367     2-464 (477)
226 tr|A0A133VKN5|A0A133VKN5_9EURY 100.0 1.5E-38 5.4E-44  297.0   0.0  327    6-368    25-357 (362)
227 tr|A0A0J8R762|A0A0J8R762_COCIT 100.0 1.8E-38 5.5E-44  285.6   0.0  328   11-344   115-506 (516)
228 tr|A0A087SNH6|A0A087SNH6_AUXPR 100.0 1.9E-38 5.8E-44  322.8   0.0  354    1-371  6038-6405(6418)
229 tr|T1HIB5|T1HIB5_RHOPR Unchara 100.0 1.9E-38 5.8E-44  286.7   0.0  314    2-367   219-540 (541)
230 tr|A0A1D1UW66|A0A1D1UW66_RAMVA 100.0 2.2E-38   7E-44  291.2   0.0  351   12-369   286-653 (654)
231 tr|A0A2R6AZL9|A0A2R6AZL9_9ARCH 100.0 3.5E-38 1.1E-43  278.4   0.0  310    5-345    23-342 (366)
232 tr|T0M0S2|T0M0S2_9EURY AAA fam 100.0 5.1E-38 1.7E-43  288.9   0.0  333    5-362     6-346 (362)
233 tr|A0E8X7|A0E8X7_PARTE Unchara 100.0 6.1E-38 1.9E-43  288.0   0.0  358    7-370   129-519 (528)
234 tr|F0UC20|F0UC20_AJEC8 Cell di 100.0 8.3E-38 2.6E-43  296.2   0.0  340    2-343   223-687 (763)
235 tr|A0A0V0Y2V0|A0A0V0Y2V0_TRIPS 100.0 8.9E-38 2.8E-43  279.5   0.0  342   16-371   130-478 (487)
236 tr|A0A2A4JAV5|A0A2A4JAV5_HELVI 100.0 1.1E-37 3.6E-43  285.7   0.0  319   15-343   263-605 (631)
237 tr|A0A1M8A4V9|A0A1M8A4V9_MALS4 100.0 1.2E-37 3.8E-43  294.9   0.0  318    2-343   178-513 (629)
238 tr|A0A0P7HXF2|A0A0P7HXF2_9EURY 100.0 1.6E-37 4.9E-43  276.7   0.0  282    4-291    13-307 (466)
239 tr|A0A0N5AVH1|A0A0N5AVH1_9BILA 100.0 1.6E-37 4.9E-43  276.3   0.0  251    2-259   204-457 (459)
240 tr|A0A2A6CI03|A0A2A6CI03_PRIPA 100.0 1.6E-37 5.1E-43  300.2   0.0  337    6-345   477-827 (1301)
241 tr|E0VRA6|E0VRA6_PEDHC Cell di 100.0 1.8E-37 5.5E-43  282.4   0.0  234    4-250    51-291 (580)
242 tr|A0A1V9ZIT2|A0A1V9ZIT2_9STRA 100.0 1.7E-37 5.6E-43  314.7   0.0  359    2-369  1027-1401(1412)
243 tr|M2XDB1|M2XDB1_GALSU Origin  100.0 1.9E-37 5.8E-43  285.3   0.0  352   15-368   269-643 (655)
244 tr|A0A2G9PSC9|A0A2G9PSC9_9ARCH 100.0 2.6E-37 8.2E-43  273.0   0.0  324    5-356    91-424 (430)
245 tr|A0A177BCQ2|A0A177BCQ2_9METZ 100.0 3.4E-37   1E-42  277.4   0.0  347   15-367   159-514 (516)
246 tr|A0A1Y2F7N9|A0A1Y2F7N9_9ASCO 100.0 3.5E-37 1.1E-42  277.6   0.0  342    5-368    62-444 (453)
247 tr|A0A0C3L7W3|A0A0C3L7W3_9HOMO 100.0 4.2E-37 1.3E-42  296.9   0.0  348    3-368   874-1251(1263)
248 tr|M4C5D2|M4C5D2_HYAAE Unchara 100.0 6.1E-37 1.9E-42  266.5   0.0  246    1-247    35-295 (373)
249 tr|Q24FF8|Q24FF8_TETTS Origin  100.0 6.5E-37   2E-42  287.6   0.0  366    1-371   426-832 (840)
250 tr|A0A1W0XE42|A0A1W0XE42_HYPDU 100.0 7.2E-37 2.2E-42  281.1   0.0  346   16-366   285-643 (645)
251 tr|F2UB44|F2UB44_SALR5 Unchara 100.0 7.3E-37 2.3E-42  285.7   0.0  358    2-370   374-779 (785)
252 tr|J9IUA6|J9IUA6_9SPIT Unchara 100.0 1.1E-36 3.5E-42  282.6   0.0  360    1-365   287-701 (724)
253 tr|A0A1Y3BR59|A0A1Y3BR59_EURMA 100.0 1.6E-36 5.2E-42  271.6   0.0  328    8-344     2-367 (424)
254 tr|A0A1E5RH42|A0A1E5RH42_9ASCO 100.0 1.7E-36 5.4E-42  288.3   0.0  357   11-367   521-997 (999)
255 tr|A0A078AU37|A0A078AU37_STYLE 100.0 1.9E-36 5.8E-42  291.3   0.0  365    1-370   737-1158(1180)
256 tr|A0A0C3CMT9|A0A0C3CMT9_HEBCY 100.0 1.7E-36 5.9E-42  301.9   0.0  334    3-344   131-558 (670)
257 tr|M1VBL9|M1VBL9_CYAM1 Similar 100.0 2.2E-36 6.9E-42  282.6   0.0  354   15-369   369-776 (787)
258 tr|A0A0P5EAQ8|A0A0P5EAQ8_9CRUS 100.0 2.3E-36 7.1E-42  269.5   0.0  236    2-249   141-385 (468)
259 tr|A0A2R6PPW3|A0A2R6PPW3_ACTCH 100.0 2.4E-36 7.6E-42  271.4   0.0  248    2-249   113-366 (393)
260 tr|A0A1Z5J7G8|A0A1Z5J7G8_FISSO 100.0   3E-36 9.6E-42  304.0   0.0  328   15-343  1287-1643(1699)
261 tr|A0A2G9TMV7|A0A2G9TMV7_TELCI 100.0 3.7E-36 1.2E-41  261.6   0.0  239   16-257   129-371 (372)
262 tr|E4X9L2|E4X9L2_OIKDI Cell di 100.0 4.2E-36 1.3E-41  267.8   0.0  342    5-362   108-453 (467)
263 tr|A0A077RAN9|A0A077RAN9_9BASI 100.0 4.1E-36 1.4E-41  299.6   0.0  349   15-367   417-950 (1018)
264 tr|M7SM64|M7SM64_EUTLA Cell di 100.0 5.1E-36 1.6E-41  271.3   0.0  245    2-250   124-377 (455)
265 tr|X0XW09|X0XW09_9ZZZZ Unchara 100.0 5.3E-36 1.8E-41  253.1   0.0  195    8-207     1-204 (204)
266 tr|K0RZP4|K0RZP4_THAOC Unchara 100.0 6.2E-36 1.9E-41  294.3   0.0  348   16-364   304-690 (1775)
267 tr|A0A1Z5SRK3|A0A1Z5SRK3_HORWE 100.0 7.7E-36 2.4E-41  283.3   0.0  332    1-346   524-894 (966)
268 tr|A0A0N5ASK2|A0A0N5ASK2_9BILA 100.0 7.6E-36 2.4E-41  271.6   0.0  335   15-365   122-461 (482)
269 tr|A0A2V3IMY4|A0A2V3IMY4_9FLOR 100.0   8E-36 2.5E-41  271.7   0.0  357    8-369    92-487 (497)
270 tr|A0A166DEV9|A0A166DEV9_9EURY 100.0 8.2E-36 2.8E-41  265.4   0.0  247    5-259    26-280 (281)
271 tr|A0A085NMA5|A0A085NMA5_9BILA 100.0 1.5E-35 4.6E-41  266.7   0.0  323   12-344    90-432 (510)
272 tr|S8GQV5|S8GQV5_TOXGM ATPase, 100.0 1.5E-35 4.7E-41  286.3   0.0  308    2-312   735-1101(1264)
273 tr|E3MGJ8|E3MGJ8_CAERE Cell di 100.0 2.3E-35 7.4E-41  274.8   0.0  334   15-371   184-544 (553)
274 tr|A0A0V0QTJ5|A0A0V0QTJ5_PSEPJ 100.0 5.5E-35 1.7E-40  274.1   0.0  352    5-370   421-804 (813)
275 tr|A0A2I0S1I3|A0A2I0S1I3_9PEZI 100.0 6.3E-35   2E-40  277.5   0.0  334    2-345   510-911 (977)
276 tr|M2XJJ1|M2XJJ1_DOTSN Unchara 100.0 6.6E-35 2.1E-40  274.3   0.0  333    1-344   184-587 (840)
277 tr|A0A177EL98|A0A177EL98_9MICR 100.0 8.2E-35 2.6E-40  254.9   0.0  306   18-343     6-311 (344)
278 tr|B8CA51|B8CA51_THAPS Origin  100.0 9.1E-35 2.8E-40  258.0   0.0  298   17-315     1-346 (442)
279 tr|K0SV26|K0SV26_THAOC Unchara 100.0 1.1E-34 3.5E-40  284.5   0.0  298   16-314   846-1177(1642)
280 tr|A0A1I8C958|A0A1I8C958_9BILA 100.0 1.1E-34 3.6E-40  281.2   0.0  285    3-291    16-302 (1327)
281 tr|A0A2G9PX57|A0A2G9PX57_9ARCH 100.0 1.4E-34 4.4E-40  259.8   0.0  342    4-365     6-363 (377)
282 tr|A0A1R1XW06|A0A1R1XW06_9FUNG 100.0 1.6E-34 5.2E-40  267.9   0.0  349   16-368   113-580 (590)
283 tr|A0A0P5YKA7|A0A0P5YKA7_9CRUS 100.0 1.7E-34 5.2E-40  264.2   0.0  193    2-194   411-603 (603)
284 tr|X1U972|X1U972_9ZZZZ Unchara 100.0 1.9E-34   6E-40  244.4   0.0  234  131-366     1-241 (252)
285 tr|F8SLU8|F8SLU8_9MUSC Cdc6 (F 100.0 1.9E-34 6.1E-40  260.7   0.0  227    1-238   242-475 (476)
286 tr|A0A0R3PFW2|A0A0R3PFW2_ANGCS 100.0 1.9E-34 6.4E-40  259.0   0.0  275   76-369    12-291 (302)
287 tr|W4YVH1|W4YVH1_STRPU Unchara 100.0 2.9E-34 9.6E-40  241.6   0.0  202  169-370     1-207 (208)
288 sp|Q9YFU8|CDC62_AERPE ORC1-typ 100.0 3.5E-34 1.1E-39  259.9   0.0  355    5-365    10-396 (410)
289 tr|A0A2P6R1D7|A0A2P6R1D7_ROSCH 100.0 3.6E-34 1.2E-39  264.2   0.0  343   16-369    28-400 (415)
290 tr|A0A1J4MEU3|A0A1J4MEU3_9CRYT 100.0 4.5E-34 1.5E-39  275.5   0.0  288    4-294   376-735 (874)
291 tr|A0A261BV63|A0A261BV63_9PELO 100.0 5.7E-34 1.8E-39  267.0   0.0  270   43-331     1-271 (797)
292 tr|M1XKX5|M1XKX5_NATM8 Orc1-ty 100.0 6.5E-34 2.1E-39  246.6   0.0  277    5-367    29-314 (315)
293 tr|A0A183RTS6|A0A183RTS6_9TREM 100.0 6.8E-34 2.1E-39  242.4   0.0  194   16-209    59-266 (308)
294 tr|A0A226ENK3|A0A226ENK3_FOLCA 100.0 7.7E-34 2.4E-39  274.5   0.0  327   38-369   906-1240(1245)
295 tr|A0A0Q3P1Q8|A0A0Q3P1Q8_AMAAE 100.0 8.3E-34 2.6E-39  271.6   0.0  290   76-369   739-1054(1066)
296 tr|A0A1S4EJG8|A0A1S4EJG8_DIACI 100.0 1.3E-33   4E-39  247.7   0.0  286    1-369   106-391 (394)
297 tr|G4VRB3|G4VRB3_SCHMA Putativ 100.0 1.3E-33 4.1E-39  243.4   0.0  194   16-209   120-327 (339)
298 tr|A0A1Q9CQZ7|A0A1Q9CQZ7_SYMMI 100.0 1.8E-33 5.6E-39  267.0   0.0  335    5-342   517-884 (940)
299 tr|V4CBJ8|V4CBJ8_LOTGI Unchara 100.0 2.1E-33 6.5E-39  246.4   0.0  196    3-209     5-203 (395)
300 tr|A0A2T9YQL0|A0A2T9YQL0_9FUNG 100.0 2.3E-33 7.3E-39  262.5   0.0  350   16-370   162-626 (632)
301 tr|W0JSQ9|W0JSQ9_9EURY Cell di 100.0 2.5E-33 8.5E-39  252.3   0.0  264  102-370    24-303 (325)
302 tr|L1JVW9|L1JVW9_GUITH Cell di 100.0 4.2E-33 1.3E-38  249.3   0.0  343   15-367    85-452 (472)
303 tr|A0A1Y3AGK9|A0A1Y3AGK9_9EURY 100.0 6.5E-33   2E-38  246.3   0.0  241    4-246   133-440 (440)
304 tr|A0A2H9TNK5|A0A2H9TNK5_9FUNG 100.0 7.4E-33 2.3E-38  265.2   0.0  350    2-370   688-1056(1064)
305 tr|A0A1G9YZK7|A0A1G9YZK7_9EURY 100.0 7.6E-33 2.4E-38  244.9   0.0  268    5-290     5-278 (424)
306 tr|A0A146XKK3|A0A146XKK3_FUNHE 100.0 7.8E-33 2.4E-38  249.5   0.0  187    1-187   237-423 (510)
307 tr|B4QCK5|B4QCK5_DROSI GD24914 100.0   8E-33 2.6E-38  264.2   0.0  360    5-370    16-552 (567)
308 tr|I0YJN0|I0YJN0_COCSC Cell di 100.0 9.6E-33   3E-38  251.2   0.0  366    3-368    33-543 (559)
309 tr|A0A1Y2HLD9|A0A1Y2HLD9_9FUNG 100.0 1.3E-32 4.2E-38  253.2   0.0  349    2-371   229-629 (636)
310 tr|Q06JW0|Q06JW0_9MUSC Cdc6 (F 100.0 1.4E-32 4.2E-38  253.1   0.0  238    1-249   234-478 (636)
311 tr|A0A195EZA0|A0A195EZA0_9HYME  99.9 1.8E-32   6E-38  254.8   0.0  352   16-371    33-434 (493)
312 tr|A0A0J9X4V8|A0A0J9X4V8_GEOCN  99.9 2.1E-32 6.5E-38  255.5   0.0  340    2-343   186-667 (750)
313 tr|H1VV26|H1VV26_COLHI Origin   99.9 2.8E-32 8.8E-38  249.0   0.0  186    1-186   314-499 (511)
314 tr|A0A2R5GL77|A0A2R5GL77_9STRA  99.9 2.9E-32 9.1E-38  246.4   0.0  352   15-368    97-495 (521)
315 tr|X1CIE9|X1CIE9_9ZZZZ Unchara  99.9 3.9E-32 1.3E-37  229.4   0.0  186    4-194    29-223 (223)
316 tr|A0A063C3N8|A0A063C3N8_9HYPO  99.9 6.8E-32 2.1E-37  248.8   0.0  198    1-200   318-516 (640)
317 tr|A0A0P5R890|A0A0P5R890_9CRUS  99.9 7.6E-32 2.4E-37  230.3   0.0  216   32-251     2-260 (310)
318 tr|A0A2P4YSV9|A0A2P4YSV9_9STRA  99.9   9E-32 2.8E-37  230.4   0.0  224    1-225    47-285 (316)
319 tr|A0A1R1PKC3|A0A1R1PKC3_ZANCU  99.9 9.1E-32 2.8E-37  249.7   0.0  333   15-354   198-649 (695)
320 tr|A0A1V4ZIN9|A0A1V4ZIN9_9EURY  99.9 8.5E-32 2.9E-37  237.6   0.0  234  124-362    12-256 (265)
321 tr|A0A2F0BLV5|A0A2F0BLV5_ESCRO  99.9 9.6E-32   3E-37  235.8   0.0  200    1-209   183-387 (389)
322 tr|A0A0K0EKW0|A0A0K0EKW0_STRER  99.9 9.5E-32   3E-37  233.1   0.0  221   16-246     9-230 (311)
323 tr|K8EC00|K8EC00_9CHLO Unchara  99.9   1E-31 3.2E-37  254.0   0.0  351   17-368   417-862 (872)
324 tr|A0A0B2P295|A0A0B2P295_GLYSO  99.9 1.3E-31 3.9E-37  242.5   0.0  304   63-368     7-346 (524)
325 tr|A0A183B918|A0A183B918_9TREM  99.9 1.4E-31 4.4E-37  234.2   0.0  237    4-249    81-326 (380)
326 tr|I2JVT6|I2JVT6_DEKBR Largest  99.9 1.7E-31 5.3E-37  244.4   0.0  209    1-209   376-585 (590)
327 tr|A0A226F6U6|A0A226F6U6_FOLCA  99.9 1.9E-31 5.7E-37  243.2   0.0  332    2-344    87-519 (565)
328 tr|D7FJK0|D7FJK0_ECTSI Unchara  99.9 2.2E-31 6.8E-37  253.5   0.0  363    1-369   544-948 (958)
329 tr|A0A0P5G3N6|A0A0P5G3N6_9CRUS  99.9 2.5E-31 7.7E-37  236.6   0.0  177   18-249   237-413 (443)
330 tr|A0A0F4X548|A0A0F4X548_HANUV  99.9 3.9E-31 1.3E-36  257.9   0.0  345   15-367   437-873 (880)
331 tr|A0A0N4VI52|A0A0N4VI52_ENTVE  99.9 5.2E-31 1.6E-36  220.8   0.0  207    5-260     2-209 (265)
332 tr|A0A125RH18|A0A125RH18_9ARCH  99.9 5.7E-31 1.8E-36  232.4   0.0  324    6-335    29-367 (410)
333 tr|U6JWW4|U6JWW4_9EIME Origin   99.9 6.6E-31   2E-36  244.2   0.0  264    1-269   276-585 (697)
334 tr|M0LK05|M0LK05_9EURY Orc1/cd  99.9 6.8E-31 2.2E-36  223.1   0.0  242    4-262     4-252 (253)
335 tr|A0A2R6CEG1|A0A2R6CEG1_9ARCH  99.9 7.1E-31 2.3E-36  236.1   0.0  339    6-356    16-366 (387)
336 tr|A0A2H9TGK7|A0A2H9TGK7_9FUNG  99.9 8.3E-31 2.6E-36  220.7   0.0  245  125-369    13-266 (275)
337 tr|A0A1S4ECR7|A0A1S4ECR7_DIACI  99.9 1.1E-30 3.3E-36  246.2   0.0  282   16-307   517-814 (823)
338 tr|A0A081CFZ1|A0A081CFZ1_PSEA2  99.9 1.1E-30 3.4E-36  250.3   0.0  322   16-343   206-660 (780)
339 tr|L8HIF9|L8HIF9_ACACA ATPase,  99.9 1.1E-30 3.5E-36  242.2   0.0  344   16-368   301-667 (679)
340 tr|A0A1B0FCP5|A0A1B0FCP5_GLOMM  99.9 1.3E-30 4.2E-36  231.7   0.0  251   77-331   130-412 (437)
341 tr|A0A1Y3NH61|A0A1Y3NH61_PIRSE  99.9 1.9E-30   6E-36  227.1   0.0  238    1-240   101-378 (378)
342 tr|A0A2T7PVD1|A0A2T7PVD1_POMCA  99.9 2.2E-30 6.9E-36  236.0   0.0  241  128-369   278-546 (559)
343 tr|L9ZJZ5|L9ZJZ5_9EURY ATPase   99.9 2.4E-30 8.1E-36  232.1   0.0  286    5-319     5-299 (312)
344 tr|A0A1E3PJP3|A0A1E3PJP3_9ASCO  99.9 2.3E-30 8.3E-36  250.9   0.0  345   16-369    34-457 (466)
345 tr|A0A0A0KM76|A0A0A0KM76_CUCSA  99.9 4.6E-30 1.4E-35  220.3   0.0  187    1-188   126-317 (318)
346 tr|A0A260ZXV4|A0A260ZXV4_9PELO  99.9   5E-30 1.6E-35  237.2   0.0  329   16-367   131-467 (656)
347 tr|A0A0P5G1I7|A0A0P5G1I7_9CRUS  99.9 5.3E-30 1.6E-35  225.2   0.0  197    2-209   120-319 (390)
348 tr|A0A1E7FVU9|A0A1E7FVU9_9STRA  99.9 5.4E-30 1.7E-35  256.2   0.0  351   16-367  1878-2282(2298)
349 tr|A0A2R6LA19|A0A2R6LA19_9EURY  99.9 5.3E-30 1.7E-35  228.1   0.0  276   77-368     6-296 (341)
350 tr|A0A2H9QBK8|A0A2H9QBK8_9ARCH  99.9 6.2E-30 1.9E-35  221.3   0.0  316    6-354     8-331 (341)
351 tr|G0QIU4|G0QIU4_ICHMG Origin   99.9   7E-30 2.2E-35  227.4   0.0  242    2-250    12-271 (440)
352 tr|A0A218W3N9|A0A218W3N9_PUNGR  99.9   7E-30 2.2E-35  234.1   0.0  293   76-369   123-469 (592)
353 tr|V8PHG7|V8PHG7_OPHHA Coiled-  99.9 7.7E-30 2.4E-35  249.9   0.0  191    1-227   492-682 (1475)
354 tr|A0A1E5RGI3|A0A1E5RGI3_9ASCO  99.9 1.1E-29 3.6E-35  237.0   0.0  325   16-342   294-673 (727)
355 tr|A0A1I7RY31|A0A1I7RY31_BURXY  99.9 1.2E-29 3.8E-35  225.4   0.0  314   16-344    44-402 (432)
356 tr|A0A2T9YLF4|A0A2T9YLF4_9FUNG  99.9 1.6E-29 5.1E-35  238.5   0.0  324   16-343   262-754 (829)
357 tr|A0A2A5NZC4|A0A2A5NZC4_9ARCH  99.9 2.1E-29 6.7E-35  220.7   0.0  330    4-344    11-355 (379)
358 tr|A0A0D0Z594|A0A0D0Z594_9TREE  99.9 2.1E-29 7.2E-35  251.7   0.0  336   14-368   353-767 (808)
359 tr|A0A1Y2CVL5|A0A1Y2CVL5_9FUNG  99.9 2.4E-29 7.3E-35  229.1   0.0  246    1-249   157-475 (548)
360 tr|A0A2P6NPV8|A0A2P6NPV8_9MYCE  99.9 2.4E-29 7.5E-35  222.7   0.0  353    2-368    38-406 (416)
361 tr|A0A177BD01|A0A177BD01_9METZ  99.9 2.6E-29 7.9E-35  223.0   0.0  347   12-369    36-412 (424)
362 tr|A0A0B7FT96|A0A0B7FT96_THACB  99.9 2.8E-29 8.8E-35  238.7   0.0  329    3-344   165-593 (686)
363 tr|A0A061RGW8|A0A061RGW8_9CHLO  99.9 3.4E-29   1E-34  229.5   0.0  367    3-369   140-574 (585)
364 tr|A0A0P1AW42|A0A0P1AW42_9STRA  99.9 9.3E-29   3E-34  234.1   0.0  354   16-371   126-548 (554)
365 tr|A0A016X172|A0A016X172_9BILA  99.9 1.4E-28 4.4E-34  209.9   0.0  212   15-241    80-293 (301)
366 tr|A0A183TQL3|A0A183TQL3_SCHSO  99.9 1.5E-28 4.7E-34  212.5   0.0  211    7-225    79-301 (336)
367 tr|A0A0N7ZMV6|A0A0N7ZMV6_9CRUS  99.9 1.7E-28 5.8E-34  223.1   0.0  276   15-294    29-332 (336)
368 tr|D2VL70|D2VL70_NAEGR ORC1/CD  99.9 2.4E-28 7.3E-34  221.1   0.0  271   15-290    41-350 (508)
369 tr|U2YH88|U2YH88_9EURY ORC1-ty  99.9   3E-28 9.2E-34  221.4   0.0  329   13-344     1-457 (530)
370 sp|Q9HHY8|CDC62_HALSA ORC1-typ  99.9 3.9E-28 1.3E-33  207.6   0.0  225    4-239    24-264 (264)
371 tr|A0A250XQS9|A0A250XQS9_9CHLO  99.9 4.7E-28 1.5E-33  230.0   0.0  364    3-370   135-673 (683)
372 tr|A0A0L0HI78|A0A0L0HI78_SPIPN  99.9 5.6E-28 1.7E-33  226.0   0.0  358   10-371   312-718 (729)
373 tr|A0A087V0G2|A0A087V0G2_9ARAC  99.9 1.2E-27 3.7E-33  198.5   0.0  152    1-152    89-240 (240)
374 tr|A0A1D2NHA5|A0A1D2NHA5_ORCCI  99.9 1.5E-27 4.7E-33  216.5   0.0  221    8-230   292-520 (521)
375 tr|B7P560|B7P560_IXOSC Origin   99.9 1.5E-27   5E-33  214.4   0.0  187   21-210    10-205 (328)
376 tr|A0A0G4FK43|A0A0G4FK43_VITBC  99.9 2.7E-27 8.3E-33  219.8   0.0  333    4-343   203-553 (664)
377 tr|X0W6F3|X0W6F3_9ZZZZ Unchara  99.9 2.5E-27 8.8E-33  211.8   0.0  195   30-265    42-246 (262)
378 tr|A0A1F9I7S0|A0A1F9I7S0_9DELT  99.9 3.2E-27 1.1E-32  226.7   0.0  196   28-265    40-244 (444)
379 tr|A0A292YPK7|A0A292YPK7_9BACL  99.9 4.4E-27 1.6E-32  227.2   0.0  196   29-265    41-246 (447)
380 tr|M0KFS9|M0KFS9_HALAR ORC / c  99.9   5E-27 1.6E-32  204.6   0.0  208  125-349    17-232 (259)
381 tr|A0A0C2MZE2|A0A0C2MZE2_THEKT  99.9 7.2E-27 2.2E-32  208.2   0.0  333   14-361    68-407 (433)
382 tr|R6WM20|R6WM20_9FIRM Replica  99.9 6.6E-27 2.3E-32  221.7   0.0  197   28-265    41-244 (428)
383 tr|A0A1Q3MK39|A0A1Q3MK39_9BACT  99.9 6.8E-27 2.3E-32  222.9   0.0  192   30-265    48-242 (451)
384 tr|A0A183VYD4|A0A183VYD4_TRIRE  99.9 7.7E-27 2.4E-32  202.5   0.0  208   11-227   117-333 (340)
385 tr|C5LD59|C5LD59_PERM5 Origin   99.9 8.1E-27 2.5E-32  202.4   0.0  213  128-343     3-228 (340)
386 tr|R1D9C5|R1D9C5_EMIHU Unchara  99.9 9.4E-27 2.9E-32  217.3   0.0  332   26-367   193-683 (701)
387 tr|A0A223B143|A0A223B143_9FIRM  99.9 9.3E-27 3.2E-32  220.5   0.0  195   29-265    39-243 (443)
388 tr|M0JRF0|M0JRF0_9EURY Cell di  99.9 9.9E-27 3.2E-32  198.2   0.0  208  158-366    14-228 (230)
389 tr|A0A238BV97|A0A238BV97_9BILA  99.9 1.2E-26 3.6E-32  200.7   0.0  214   12-240   113-330 (331)
390 tr|A0A2G2WW31|A0A2G2WW31_CAPBA  99.9 1.2E-26 3.8E-32  218.1   0.0  200    1-204   420-631 (647)
391 tr|A0A0N1I0M7|A0A0N1I0M7_LEPSE  99.9 1.3E-26 4.3E-32  215.5   0.0  328    6-344    22-380 (431)
392 tr|A0A101ITR3|A0A101ITR3_9EURY  99.9 1.5E-26 4.7E-32  214.8   0.0  284    6-291    20-353 (584)
393 tr|A0A2H5Z6X6|A0A2H5Z6X6_9BACT  99.9 1.4E-26 5.1E-32  224.0   0.0  194   28-265    41-242 (450)
394 tr|A0A1V5HFS6|A0A1V5HFS6_9BACT  99.9 1.7E-26 5.9E-32  200.7   0.0  218  143-368     9-232 (238)
395 tr|A0A1W9MW75|A0A1W9MW75_9DELT  99.9 1.9E-26 6.4E-32  219.8   0.0  192   29-265    38-237 (438)
396 tr|A0A0L0SEU9|A0A0L0SEU9_ALLMA  99.9 2.1E-26 6.6E-32  209.7   0.0  354   11-368    10-388 (400)
397 tr|A0A059LF00|A0A059LF00_9CHLO  99.9 2.4E-26 7.5E-32  195.7   0.0  186  126-312     9-205 (291)
398 tr|A0A2G9Z2E7|A0A2G9Z2E7_9BACT  99.9 2.5E-26 8.6E-32  215.2   0.0  189   30-265    29-222 (392)
399 tr|X6NJ49|X6NJ49_RETFI Origin   99.9 3.1E-26 9.5E-32  203.8   0.0  249  110-363    47-393 (422)
400 tr|S7MHK5|S7MHK5_MYOBR Origin   99.9 3.2E-26   1E-31  208.1   0.0  325   43-371    92-449 (465)
401 tr|A0A133V6J7|A0A133V6J7_9EURY  99.9 3.8E-26 1.2E-31  194.3   0.0  215    5-224    10-234 (246)
402 tr|A0A1E7G8I4|A0A1E7G8I4_9EURY  99.9   4E-26 1.3E-31  201.1   0.0  303   58-369     2-321 (343)
403 tr|T0ZZI2|T0ZZI2_9ZZZZ Cell di  99.9 5.3E-26 1.6E-31  181.2   0.0  176  164-341     1-179 (179)
404 tr|A0A2W5HWI0|A0A2W5HWI0_9RHOO  99.9 4.9E-26 1.7E-31  209.5   0.0  196   30-266    40-238 (347)
405 tr|A0A267GUG0|A0A267GUG0_9PLAT  99.9 5.9E-26 1.8E-31  206.7   0.0  333   16-367   147-515 (527)
406 tr|A0A1Y1HYK5|A0A1Y1HYK5_KLENI  99.9 6.7E-26 2.1E-31  212.4   0.0  340   24-370   339-708 (726)
407 tr|J9DJW8|J9DJW8_EDHAE Unchara  99.9 7.3E-26 2.3E-31  198.0   0.0  313   16-369     2-353 (361)
408 tr|M2XSW3|M2XSW3_GALSU Cell di  99.9 7.4E-26 2.3E-31  202.8   0.0  360    3-367    58-441 (450)
409 tr|A0A2G6KZZ4|A0A2G6KZZ4_9GAMM  99.9 7.7E-26 2.6E-31  215.6   0.0  196   29-266    39-242 (455)
410 tr|A0A0P5T1V7|A0A0P5T1V7_9CRUS  99.9 8.7E-26 2.7E-31  193.1   0.0  198   42-249     8-216 (299)
411 tr|V4JMM5|V4JMM5_9GAMM Unchara  99.9 8.2E-26 2.7E-31  213.5   0.0  196   30-266   109-323 (458)
412 tr|A0A2A5P0K1|A0A2A5P0K1_9ARCH  99.9 9.2E-26 2.9E-31  184.2   0.0  197  175-371     2-205 (211)
413 tr|A0A177QPN1|A0A177QPN1_9GAMM  99.9 8.8E-26   3E-31  213.4   0.0  192   29-264    37-229 (430)
414 tr|A0A257VFF9|A0A257VFF9_9BACT  99.9 9.2E-26   3E-31  200.6   0.0  191   30-265    39-230 (286)
415 tr|A0A077WQ81|A0A077WQ81_9FUNG  99.9 9.2E-26 3.2E-31  220.7   0.0  208   16-266   141-360 (532)
416 tr|U6G907|U6G907_EIMAC Origin   99.9 1.1E-25 3.4E-31  217.2   0.0  250    2-315   419-705 (914)
417 tr|D8LZB9|D8LZB9_BLAHO Unchara  99.9 1.2E-25 3.7E-31  172.3   0.0  126  124-249    10-135 (139)
418 tr|A0A2R3MX35|A0A2R3MX35_9FIRM  99.9 1.1E-25 3.9E-31  214.2   0.0  196   29-265    41-245 (441)
419 tr|D7E7M7|D7E7M7_METEZ ORC1-ty  99.9 1.3E-25   4E-31  201.2   0.0  361    5-370    24-421 (448)
420 tr|A0A178B0S5|A0A178B0S5_9PLEO  99.9 1.2E-25 4.1E-31  224.8   0.0  352   13-371   349-777 (789)
421 tr|A0A2A4MQI7|A0A2A4MQI7_9GAMM  99.9 1.3E-25 4.3E-31  212.3   0.0  195   30-266    21-224 (430)
422 tr|L0AX75|L0AX75_THEEQ Unchara  99.9 1.3E-25 4.4E-31  214.1   0.0  326    3-344    21-436 (506)
423 tr|A0A085NQJ6|A0A085NQJ6_9BILA  99.9 1.5E-25 4.5E-31  195.7   0.0  178    3-183   166-353 (354)
424 tr|A0A1R2BXI4|A0A1R2BXI4_9CILI  99.9 1.6E-25 4.9E-31  195.6   0.0  332   16-370     5-338 (356)
425 tr|A0A139AVG0|A0A139AVG0_GONPR  99.9 1.6E-25 4.9E-31  206.2   0.0  234    7-249   243-521 (591)
426 tr|A0A1E1M3X0|A0A1E1M3X0_RHYSE  99.9 1.8E-25 6.2E-31  225.7   0.0  344   15-366   490-919 (933)
427 tr|A0A1U8BE72|A0A1U8BE72_NELNU  99.9 2.1E-25 6.4E-31  188.6   0.0  230    2-369     2-262 (272)
428 tr|A0A223S967|A0A223S967_9ACTN  99.9 1.9E-25 6.7E-31  212.6   0.0  195   29-266    43-243 (439)
429 tr|A0A167HVP0|A0A167HVP0_9HYPO  99.9 2.1E-25 6.9E-31  220.5   0.0  339   16-367   340-755 (767)
430 tr|A0A1V6CWL9|A0A1V6CWL9_9BACT  99.9 2.2E-25 7.9E-31  214.8   0.0  192   30-264    31-230 (429)
431 tr|A0A2P6TBH2|A0A2P6TBH2_CHLSO  99.9 2.6E-25 7.9E-31  219.9   0.0  367    2-370  1005-1580(1588)
432 tr|I7MD38|I7MD38_TETTS AAA fam  99.9 2.6E-25 8.1E-31  203.2   0.0  355    5-369   133-531 (543)
433 tr|A0A087SFF3|A0A087SFF3_AUXPR  99.8 3.2E-25   1E-30  210.2   0.0  367    3-369   331-808 (829)
434 tr|A0A1Y1W470|A0A1Y1W470_9FUNG  99.8 3.3E-25   1E-30  198.1   0.0  286   17-368   130-429 (437)
435 tr|A0A060SHX9|A0A060SHX9_PYCCI  99.8 3.3E-25   1E-30  206.2   0.0  174    3-176   420-605 (660)
436 tr|W2TBS4|W2TBS4_NECAM Unchara  99.8 3.9E-25 1.2E-30  175.7   0.0  149  125-273     9-158 (175)
437 tr|J9IQ33|J9IQ33_9SPIT Cdc6-re  99.8 4.6E-25 1.5E-30  205.1   0.0  351   13-368   122-531 (549)
438 tr|A0A066WIZ4|A0A066WIZ4_9BASI  99.8 5.6E-25 1.7E-30  215.0   0.0  326   39-368   735-1223(1286)
439 tr|A0A077ZCL3|A0A077ZCL3_TRITR  99.8 6.9E-25 2.1E-30  204.7   0.0  181    3-186   491-673 (681)
440 tr|X1MTZ1|X1MTZ1_9ZZZZ Unchara  99.8 6.8E-25 2.3E-30  189.4   0.0  181   31-265    29-209 (224)
441 tr|A0A2V5UYA0|A0A2V5UYA0_9BACT  99.8 6.9E-25 2.3E-30  205.0   0.0  196   29-265    58-263 (403)
442 tr|A0A0G1UNJ3|A0A0G1UNJ3_9BACT  99.8 7.8E-25 2.6E-30  202.6   0.0  186   30-265    30-215 (370)
443 tr|A0A285N5A4|A0A285N5A4_9AQUI  99.8 7.4E-25 2.6E-30  211.5   0.0  194   29-265    30-228 (426)
444 tr|J7RVV7|J7RVV7_KAZNA Unchara  99.8 8.4E-25 2.7E-30  216.3   0.0  353   16-368   642-1076(1080)
445 tr|A0A1W9RHU7|A0A1W9RHU7_9BACT  99.8 8.3E-25 2.8E-30  198.2   0.0  195   30-265    44-247 (328)
446 tr|A0A0N4XGG9|A0A0N4XGG9_NIPBR  99.8 9.6E-25   3E-30  198.6   0.0  288   37-344     3-307 (516)
447 tr|M1VFL0|M1VFL0_CYAM1 Similar  99.8 9.7E-25   3E-30  197.8   0.0  340   17-370    82-470 (497)
448 tr|A0A0P9GKC8|A0A0P9GKC8_RHOGW  99.8 1.4E-24 4.5E-30  209.3   0.0  287    3-291   120-515 (732)
449 tr|A0A2G2I3L9|A0A2G2I3L9_COLSX  99.8 1.3E-24 4.6E-30  206.9   0.0  196   31-267    22-236 (443)
450 tr|L0PC32|L0PC32_PNEJ8 Unchara  99.8 1.5E-24 4.6E-30  182.2   0.0  221  149-371     1-253 (258)
451 tr|H0EYS1|H0EYS1_GLAL7 Putativ  99.8 1.5E-24 4.9E-30  196.9   0.0  265   75-347    51-358 (416)
452 tr|T1ELV8|T1ELV8_HELRO Unchara  99.8 1.8E-24 6.3E-30  206.2   0.0  197   31-265    22-229 (404)
453 tr|A0A2I0NAX8|A0A2I0NAX8_9BACT  99.8 1.9E-24 6.6E-30  204.1   0.0  196   29-265    37-242 (422)
454 tr|T0JR06|T0JR06_COLGC Unchara  99.8   2E-24 6.8E-30  217.1   0.0  347   16-367   423-838 (850)
455 tr|A0A0S8D673|A0A0S8D673_9BACT  99.8 2.2E-24 7.6E-30  204.7   0.0  188   30-263    36-231 (422)
456 tr|A0A180GWS4|A0A180GWS4_PUCT1  99.8 2.7E-24 8.7E-30  208.5   0.0  345    3-349   171-692 (864)
457 sp|Q86AD6|ORC4_DICDI Origin re  99.8 3.2E-24   1E-29  198.5   0.0  353    8-370    25-425 (440)
458 tr|A0A077J4U4|A0A077J4U4_9BACI  99.8 3.1E-24 1.1E-29  207.5   0.0  190   30-265    29-228 (422)
459 tr|K2HX36|K2HX36_ENTNP Unchara  99.8 3.7E-24 1.2E-29  193.2   0.0  349    5-370    11-374 (391)
460 tr|A0A2I0RN79|A0A2I0RN79_9PEZI  99.8 3.7E-24 1.3E-29  214.3   0.0  326   14-344   357-757 (788)
461 tr|D2RDM7|D2RDM7_ARCPA Cdc6-re  99.8 4.2E-24 1.3E-29  190.9   0.0  361    6-371    37-412 (431)
462 tr|A0A1F4CI37|A0A1F4CI37_9PROT  99.8 4.1E-24 1.4E-29  200.7   0.0  195   30-266    38-235 (435)
463 tr|A0A0L0GEU8|A0A0L0GEU8_9EUKA  99.8 4.9E-24 1.5E-29  195.3   0.0  151    1-151   401-551 (551)
464 tr|S8CBD6|S8CBD6_DACHA Unchara  99.8 4.9E-24 1.6E-29  200.6   0.0  195   29-264   191-397 (456)
465 tr|G4TCH5|G4TCH5_SERID Unchara  99.8 5.3E-24 1.7E-29  196.8   0.0  298    1-343    94-437 (521)
466 tr|A0A1H7Q5Z1|A0A1H7Q5Z1_RUMAL  99.8 4.7E-24 1.7E-29  194.0   0.0  240   13-267    17-265 (271)
467 tr|A0A2E3WHH4|A0A2E3WHH4_9GAMM  99.8 5.4E-24 1.8E-29  199.9   0.0  190   30-264    37-233 (445)
468 tr|A0A2P6UZ75|A0A2P6UZ75_9CHLO  99.8 5.8E-24 1.8E-29  207.8   0.0  367    3-369   403-1008(1017)
469 tr|H2MS61|H2MS61_ORYLA Werner   99.8 5.8E-24   2E-29  209.2   0.0  200   30-266   165-391 (563)
470 tr|A0A2H1BUU1|A0A2H1BUU1_FASHE  99.8 8.5E-24 2.6E-29  181.5   0.0  210    6-227    77-300 (303)
471 tr|A0A1Y1UA47|A0A1Y1UA47_9TREE  99.8 8.5E-24 2.6E-29  194.8   0.0  329    5-367   193-549 (582)
472 tr|A0A101H480|A0A101H480_9EURY  99.8 8.4E-24 2.7E-29  178.2   0.0  196    5-208    16-220 (226)
473 tr|A0A2G6LC96|A0A2G6LC96_9GAMM  99.8 8.4E-24 2.8E-29  197.2   0.0  193   30-265    42-235 (436)
474 tr|A0A0L0DP32|A0A0L0DP32_THETB  99.8   9E-24 2.8E-29  211.7   0.0  326   15-343  1539-1949(2011)
475 tr|A0A1J5WUD0|A0A1J5WUD0_9MICR  99.8   9E-24 2.8E-29  181.6   0.0  201   16-246     4-204 (306)
476 tr|A0A2J6Q1B9|A0A2J6Q1B9_9HELO  99.8 9.2E-24   3E-29  204.0   0.0  344   16-366   282-696 (710)
477 tr|A0A1E4S326|A0A1E4S326_CYBJA  99.8 8.6E-24   3E-29  207.2   0.0  194   30-265   125-330 (516)
478 tr|A0A1U8KH85|A0A1U8KH85_GOSHI  99.8 1.2E-23   4E-29  201.1   0.0  212   16-265   141-372 (555)
479 tr|A0A090S179|A0A090S179_9VIBR  99.8 1.2E-23 4.1E-29  190.9   0.0  195   29-265    20-224 (352)
480 tr|A0A1J5X953|A0A1J5X953_9MICR  99.8 1.6E-23   5E-29  184.5   0.0  307    3-368    57-364 (376)
481 tr|H8Z6K6|H8Z6K6_9GAMM Type II  99.8 1.7E-23 6.3E-29  193.2   0.0  239   13-266    17-264 (266)
482 tr|D8PNK8|D8PNK8_SCHCM Unchara  99.8 2.2E-23 7.6E-29  198.9   0.0  338   21-369     8-436 (450)
483 tr|W1Q9Y7|W1Q9Y7_OGAPD Cell di  99.8 2.8E-23 8.6E-29  181.4   0.0  217   16-238   100-345 (347)
484 tr|A0A1V4GZ64|A0A1V4GZ64_MORLA  99.8 2.6E-23 8.8E-29  197.7   0.0  192   31-265    33-230 (424)
485 tr|A0A0L0D0C2|A0A0L0D0C2_PLAFA  99.8 3.5E-23 1.1E-28  175.8   0.0  217    3-313    47-265 (276)
486 tr|A0A2H6JX02|A0A2H6JX02_9ARCH  99.8 3.6E-23 1.1E-28  182.5   0.0  318    4-353    34-366 (378)
487 tr|A0A0D2LC52|A0A0D2LC52_9CHLO  99.8 3.7E-23 1.2E-28  196.9   0.0  342   26-370    93-492 (513)
488 tr|A0A2I0BJI0|A0A2I0BJI0_9MICO  99.8 4.3E-23 1.4E-28  195.2   0.0  187   39-266    52-249 (449)
489 tr|A0A2E3A835|A0A2E3A835_9BACT  99.8 4.5E-23 1.5E-28  196.0   0.0  196   29-265    50-259 (467)
490 tr|B9WHD9|B9WHD9_CANDC Origin   99.8 4.5E-23 1.6E-28  203.0   0.0  289   21-319   117-461 (560)
491 tr|L0L2H2|L0L2H2_METHD Cdc6-re  99.8 5.1E-23 1.6E-28  181.8   0.0  344    5-368    15-378 (383)
492 tr|H3EJ06|H3EJ06_PRIPA Unchara  99.8 5.4E-23 1.7E-28  193.5   0.0  312   16-344   161-506 (731)
493 tr|A0A162AHN8|A0A162AHN8_DAUCA  99.8 6.1E-23 1.9E-28  193.6   0.0  341   21-368    33-403 (752)
494 tr|A0A0P7H8G8|A0A0P7H8G8_9EURY  99.8 6.1E-23 1.9E-28  183.5   0.0  191    4-196   161-407 (426)
495 tr|M0PRB7|M0PRB7_9EURY Cell di  99.8 6.5E-23   2E-28  172.7   0.0  232   74-314    14-255 (259)
496 tr|A0A1Q9DU03|A0A1Q9DU03_SYMMI  99.8 6.6E-23   2E-28  185.9   0.0  340   16-368    82-468 (489)
497 tr|A0A1E5RNY8|A0A1E5RNY8_9ASCO  99.8 6.8E-23 2.4E-28  204.9   0.0  218   18-264   159-413 (611)
498 tr|V5HVT5|V5HVT5_BYSSN Origin   99.8 8.5E-23 2.8E-28  202.6   0.0  189   15-208   280-491 (743)
499 tr|M2P9F9|M2P9F9_CERS8 Unchara  99.8 9.6E-23   3E-28  172.6   0.0  237    6-297     2-249 (269)
500 tr|A0A2K5P6H5|A0A2K5P6H5_CERAT  99.8 1.1E-22 3.5E-28  180.1   0.0  208    5-215    25-242 (339)

