- 12:00:36.893 INFO: Searching 15161831 column state sequences.

- 12:00:36.949 INFO: tremolo_tmp/workdir_protein_1/dom_2/query_2.fasta is in A2M, A3M or FASTA format

- 12:00:36.949 INFO: Iteration 1

- 12:00:36.981 INFO: Prefiltering database

- 12:00:44.800 INFO: HMMs passed 1st prefilter (gapless profile-profile alignment)  : 135374

- 12:00:44.985 INFO: HMMs passed 2nd prefilter (gapped profile-profile alignment)   : 100

- 12:00:44.985 INFO: HMMs passed 2nd prefilter and not found in previous iterations : 100

- 12:00:44.985 INFO: Scoring 100 HMMs using HMM-HMM Viterbi alignment

- 12:00:45.069 INFO: Alternative alignment: 0

- 12:00:45.078 INFO: 100 alignments done

- 12:00:45.079 INFO: Alternative alignment: 1

- 12:00:45.087 INFO: 98 alignments done

- 12:00:45.087 INFO: Alternative alignment: 2

- 12:00:45.089 INFO: 3 alignments done

- 12:00:45.089 INFO: Alternative alignment: 3

- 12:00:45.131 INFO: Realigning 10 HMM-HMM alignments using Maximum Accuracy algorithm

- 12:00:45.149 INFO: 1 sequences belonging to 1 database HMMs found with an E-value < 0.001

- 12:00:45.149 INFO: Number of effective sequences of resulting query HMM: Neff = 3.12065

- 12:00:45.152 INFO: Iteration 2

- 12:00:45.183 INFO: Prefiltering database

- 12:00:53.015 INFO: HMMs passed 1st prefilter (gapless profile-profile alignment)  : 88537

- 12:00:53.129 INFO: HMMs passed 2nd prefilter (gapped profile-profile alignment)   : 100

- 12:00:53.129 INFO: HMMs passed 2nd prefilter and not found in previous iterations : 99

- 12:00:53.129 INFO: Scoring 99 HMMs using HMM-HMM Viterbi alignment

- 12:00:53.202 INFO: Alternative alignment: 0

- 12:00:53.213 INFO: 99 alignments done

- 12:00:53.213 INFO: Alternative alignment: 1

- 12:00:53.221 INFO: 82 alignments done

- 12:00:53.221 INFO: Alternative alignment: 2

- 12:00:53.221 INFO: Alternative alignment: 3

- 12:00:53.269 INFO: Rescoring previously found HMMs with Viterbi algorithm

- 12:00:53.353 INFO: Alternative alignment: 0

- 12:00:53.355 INFO: 1 alignments done

- 12:00:53.355 INFO: Alternative alignment: 1

- 12:00:53.381 INFO: 1 alignments done

- 12:00:53.381 INFO: Alternative alignment: 2

- 12:00:53.381 INFO: Alternative alignment: 3

- 12:00:53.429 INFO: Realigning 10 HMM-HMM alignments using Maximum Accuracy algorithm

- 12:00:53.446 INFO: 1 sequences belonging to 1 database HMMs found with an E-value < 0.001

Query         query_2 sp|O16810|ORC1_DROME 248-290
Match_columns 43
No_of_seqs    19 out of 41
Neff          3.12065
Searched_HMMs 194
Date          Mon Feb 25 12:00:53 2019
Command       hhblits -i tremolo_tmp/workdir_protein_1/dom_2/query_2.fasta -d /bigdata/hhsuite/databases/uniclust/uniclust30_2018_08/uniclust30_2018_08 -scores tremolo_tmp/workdir_protein_1/dom_2/query_hhblits.scores -o tremolo_tmp/workdir_protein_1/dom_2/query_hhblits.hhr -E 1.0 -cov 10 -id 80 

 No Hit                             Prob E-value P-value  Score    SS Cols Query HMM  Template HMM
  1 tr|A0A182H305|A0A182H305_AEDAL  97.4 2.4E-06   1E-11   70.1   0.0   33    1-34    272-305 (857)
  2 tr|A0A2G7HMX1|A0A2G7HMX1_9CLOT  89.6    0.61 1.9E-06   29.3   0.0   28   16-43      4-31  (51)
  3 tr|D6S8B9|D6S8B9_FINMA Unchara  84.8     2.1 6.5E-06   26.0   0.0   15   18-32      1-15  (40)
  4 tr|A0A2P6L2H7|A0A2P6L2H7_NEPCL  79.7     4.8 1.5E-05   27.1   0.0   18   16-33     30-47  (72)
  5 tr|A0A183F4A9|A0A183F4A9_HELBK  79.5     4.9 1.5E-05   25.5   0.0   22    1-22     17-38  (49)
  6 tr|A0A255S5Q5|A0A255S5Q5_9BACT  79.4     4.9 1.5E-05   28.5   0.0   16   19-34     79-94  (102)
  7 tr|A0A0A9C7N3|A0A0A9C7N3_ARUDO  78.3     5.7 1.8E-05   22.5   0.0   16   13-28     10-25  (26)
  8 tr|A0A1N6NFW4|A0A1N6NFW4_9GAMM  76.7     6.8 2.1E-05   27.3   0.0   25   16-40     50-74  (87)
  9 tr|A0A2E4W5P6|A0A2E4W5P6_9BACT  74.2     8.9 2.8E-05   26.8   0.0   23   15-37     46-68  (87)
 10 tr|A0A0C9Y6N1|A0A0C9Y6N1_9AGAR  71.8      11 3.5E-05   26.1   0.0   28   13-40     44-71  (82)

