- 12:01:20.621 INFO: Searching 15161831 column state sequences.

- 12:01:20.676 INFO: tremolo_tmp/workdir_protein_1/dom_4/query_4.fasta is in A2M, A3M or FASTA format

- 12:01:20.676 INFO: Iteration 1

- 12:01:20.688 INFO: Prefiltering database

- 12:01:28.959 INFO: HMMs passed 1st prefilter (gapless profile-profile alignment)  : 20820

- 12:01:28.976 INFO: HMMs passed 2nd prefilter (gapped profile-profile alignment)   : 73

- 12:01:28.976 INFO: HMMs passed 2nd prefilter and not found in previous iterations : 73

- 12:01:28.976 INFO: Scoring 73 HMMs using HMM-HMM Viterbi alignment

- 12:01:29.061 INFO: Alternative alignment: 0

- 12:01:29.064 INFO: 73 alignments done

- 12:01:29.064 INFO: Alternative alignment: 1

- 12:01:29.066 INFO: 47 alignments done

- 12:01:29.066 INFO: Alternative alignment: 2

- 12:01:29.066 INFO: Alternative alignment: 3

- 12:01:29.107 INFO: No new hits found in iteration 1 => Stop searching

- 12:01:29.107 INFO: Realigning 10 HMM-HMM alignments using Maximum Accuracy algorithm

- 12:01:29.122 INFO: 0 sequences belonging to 0 database HMMs found with an E-value < 0.001

- 12:01:29.122 INFO: Number of effective sequences of resulting query HMM: Neff = 1

Query         query_4 sp|O16810|ORC1_DROME 444-455
Match_columns 12
No_of_seqs    1 out of 1
Neff          1
Searched_HMMs 73
Date          Mon Feb 25 12:01:29 2019
Command       hhblits -i tremolo_tmp/workdir_protein_1/dom_4/query_4.fasta -d /bigdata/hhsuite/databases/uniclust/uniclust30_2018_08/uniclust30_2018_08 -scores tremolo_tmp/workdir_protein_1/dom_4/query_hhblits.scores -o tremolo_tmp/workdir_protein_1/dom_4/query_hhblits.hhr -E 1.0 -cov 10 -id 80 

 No Hit                             Prob E-value P-value  Score    SS Cols Query HMM  Template HMM
  1 tr|J9BZH1|J9BZH1_9ZZZZ Unchara  93.3   0.087 2.7E-07   24.1   0.0    9    4-12     15-23  (27)
  2 tr|A0A1E5L0B7|A0A1E5L0B7_9ENTE  89.6    0.61 1.9E-06   26.7   0.0   10    1-10     15-24  (117)
  3 tr|X0YW00|X0YW00_9ZZZZ Unchara  88.3    0.92 2.9E-06   22.8   0.0   10    1-10     30-39  (45)
  4 tr|M5S083|M5S083_9PLAN Unchara  87.6     1.1 3.5E-06   23.6   0.0   11    2-12     47-57  (61)
  5 tr|L1PD46|L1PD46_9FLAO Unchara  85.9     1.7 5.2E-06   23.6   0.0   10    1-10     55-64  (74)
  6 tr|A0A175VR29|A0A175VR29_9PEZI  85.7     1.5 5.5E-06   26.2   0.0   10    1-10     63-72  (174)
  7 tr|A0A0V1BL53|A0A0V1BL53_TRISP  85.4     1.9 5.9E-06   22.8   0.0   12    1-12     20-31  (60)
  8 tr|A0A150LVJ5|A0A150LVJ5_9BACI  84.4     2.3 7.1E-06   21.7   0.0    9    2-10     35-43  (47)
  9 tr|Q2NR32|Q2NR32_SODGM Cupin d  83.2     2.8 8.8E-06   25.6   0.0   11    1-11    137-147 (184)
 10 tr|A0A1B0GRE1|A0A1B0GRE1_MOUSE  82.6     3.1 9.7E-06   24.5   0.0   10    2-11     28-37  (131)

