- 12:00:23.607 INFO: Searching 15161831 column state sequences.

- 12:00:23.661 INFO: tremolo_tmp/workdir_protein_1/dom_1/query_1.fasta is in A2M, A3M or FASTA format

- 12:00:23.661 INFO: Iteration 1

- 12:00:23.680 INFO: Prefiltering database

- 12:00:31.999 INFO: HMMs passed 1st prefilter (gapless profile-profile alignment)  : 79362

- 12:00:32.063 INFO: HMMs passed 2nd prefilter (gapped profile-profile alignment)   : 100

- 12:00:32.063 INFO: HMMs passed 2nd prefilter and not found in previous iterations : 100

- 12:00:32.063 INFO: Scoring 100 HMMs using HMM-HMM Viterbi alignment

- 12:00:32.147 INFO: Alternative alignment: 0

- 12:00:32.152 INFO: 100 alignments done

- 12:00:32.152 INFO: Alternative alignment: 1

- 12:00:32.156 INFO: 93 alignments done

- 12:00:32.156 INFO: Alternative alignment: 2

- 12:00:32.157 INFO: 2 alignments done

- 12:00:32.157 INFO: Alternative alignment: 3

- 12:00:32.197 INFO: No new hits found in iteration 1 => Stop searching

- 12:00:32.197 INFO: Realigning 10 HMM-HMM alignments using Maximum Accuracy algorithm

- 12:00:32.213 INFO: 0 sequences belonging to 0 database HMMs found with an E-value < 0.001

- 12:00:32.213 INFO: Number of effective sequences of resulting query HMM: Neff = 1

Query         query_1 sp|O16810|ORC1_DROME 169-192
Match_columns 24
No_of_seqs    1 out of 1
Neff          1
Searched_HMMs 100
Date          Mon Feb 25 12:00:32 2019
Command       hhblits -i tremolo_tmp/workdir_protein_1/dom_1/query_1.fasta -d /bigdata/hhsuite/databases/uniclust/uniclust30_2018_08/uniclust30_2018_08 -scores tremolo_tmp/workdir_protein_1/dom_1/query_hhblits.scores -o tremolo_tmp/workdir_protein_1/dom_1/query_hhblits.hhr -E 1.0 -cov 10 -id 80 

 No Hit                             Prob E-value P-value  Score    SS Cols Query HMM  Template HMM
  1 tr|A0A0A8YY04|A0A0A8YY04_ARUDO  91.6    0.26   8E-07   26.9   0.0   12   11-22     15-26  (34)
  2 tr|A0A0J9XUV1|A0A0J9XUV1_BRUMA  90.2    0.49 1.5E-06   29.3   0.0   11   10-20     33-43  (75)
  3 tr|A0A023EV63|A0A023EV63_AEDAL  86.2     1.5 4.9E-06   35.4   0.0   19    3-21     97-115 (787)
  4 tr|A0A292YMI3|A0A292YMI3_9BACL  85.8     1.7 5.3E-06   25.1   0.0   15    3-17     22-36  (45)
  5 tr|A0A2E7GBQ6|A0A2E7GBQ6_9PROT  84.3     2.3 7.2E-06   34.5   0.0   21    3-23    718-738 (805)
  6 tr|A0A1A6GUF5|A0A1A6GUF5_NEOLE  84.1     2.4 7.4E-06   27.5   0.0   23    2-24     39-61  (98)
  7 tr|A0A2P2LJ14|A0A2P2LJ14_RHIMU  84.0     2.5 7.6E-06   23.2   0.0   14    2-15      7-20  (32)
  8 tr|A0A1V3MZD8|A0A1V3MZD8_9SPHI  83.0     2.9   9E-06   25.9   0.0   13    9-21      2-14  (70)
  9 tr|A0A2V8UPB2|A0A2V8UPB2_9BACT  82.8       3 9.4E-06   26.8   0.0   18    3-20     27-44  (89)
 10 tr|A0A1Q7G897|A0A1Q7G897_9ARCH  82.3     3.3   1E-05   26.1   0.0   17    2-18     52-68  (77)

