- 11:59:53.858 INFO: Searching 15161831 column state sequences.

- 11:59:53.913 INFO: tremolo_tmp/workdir_protein_1/dom_0/query_0.fasta is in A2M, A3M or FASTA format

- 11:59:53.913 INFO: Iteration 1

- 11:59:53.001 INFO: Prefiltering database

- 12:00:04.659 INFO: HMMs passed 1st prefilter (gapless profile-profile alignment)  : 233333

- 12:00:05.228 INFO: HMMs passed 2nd prefilter (gapped profile-profile alignment)   : 102

- 12:00:05.228 INFO: HMMs passed 2nd prefilter and not found in previous iterations : 102

- 12:00:05.228 INFO: Scoring 102 HMMs using HMM-HMM Viterbi alignment

- 12:00:05.311 INFO: Alternative alignment: 0

- 12:00:05.332 INFO: 102 alignments done

- 12:00:05.332 INFO: Alternative alignment: 1

- 12:00:05.351 INFO: 102 alignments done

- 12:00:05.352 INFO: Alternative alignment: 2

- 12:00:05.353 INFO: 1 alignments done

- 12:00:05.353 INFO: Alternative alignment: 3

- 12:00:05.397 INFO: Realigning 11 HMM-HMM alignments using Maximum Accuracy algorithm

- 12:00:05.447 INFO: 7 sequences belonging to 7 database HMMs found with an E-value < 0.001

- 12:00:05.447 INFO: Number of effective sequences of resulting query HMM: Neff = 5.26454

- 12:00:05.450 INFO: Iteration 2

- 12:00:05.536 INFO: Prefiltering database

- 12:00:16.290 INFO: HMMs passed 1st prefilter (gapless profile-profile alignment)  : 256708

- 12:00:16.924 INFO: HMMs passed 2nd prefilter (gapped profile-profile alignment)   : 537

- 12:00:16.924 INFO: HMMs passed 2nd prefilter and not found in previous iterations : 530

- 12:00:16.924 INFO: Scoring 530 HMMs using HMM-HMM Viterbi alignment

- 12:00:16.990 INFO: Alternative alignment: 0

- 12:00:17.171 INFO: 530 alignments done

- 12:00:17.172 INFO: Alternative alignment: 1

- 12:00:17.360 INFO: 524 alignments done

- 12:00:17.361 INFO: Alternative alignment: 2

- 12:00:17.401 INFO: 49 alignments done

- 12:00:17.401 INFO: Alternative alignment: 3

- 12:00:17.416 INFO: 5 alignments done

- 12:00:17.463 INFO: Rescoring previously found HMMs with Viterbi algorithm

- 12:00:17.531 INFO: Alternative alignment: 0

- 12:00:17.538 INFO: 7 alignments done

- 12:00:17.538 INFO: Alternative alignment: 1

- 12:00:17.559 INFO: 7 alignments done

- 12:00:17.559 INFO: Alternative alignment: 2

- 12:00:17.559 INFO: Alternative alignment: 3

- 12:00:17.606 INFO: Realigning 408 HMM-HMM alignments using Maximum Accuracy algorithm

- 12:00:18.789 INFO: 158 sequences belonging to 158 database HMMs found with an E-value < 0.001

Query         query_0 sp|O16810|ORC1_DROME 10-143
Match_columns 134
No_of_seqs    61 out of 98
Neff          5.26454
Searched_HMMs 620
Date          Mon Feb 25 12:00:18 2019
Command       hhblits -i tremolo_tmp/workdir_protein_1/dom_0/query_0.fasta -d /bigdata/hhsuite/databases/uniclust/uniclust30_2018_08/uniclust30_2018_08 -scores tremolo_tmp/workdir_protein_1/dom_0/query_hhblits.scores -o tremolo_tmp/workdir_protein_1/dom_0/query_hhblits.hhr -E 1.0 -cov 10 -id 80 

 No Hit                             Prob E-value P-value  Score    SS Cols Query HMM  Template HMM
  1 tr|A0A182H305|A0A182H305_AEDAL 100.0 5.3E-40   2E-45  300.9   0.0  132    2-134    28-185 (857)
  2 tr|A0A093CQ73|A0A093CQ73_9AVES 100.0 9.2E-33 3.5E-38  254.2   0.0  118    2-134     8-131 (854)
  3 tr|A0A0L7KN17|A0A0L7KN17_9NEOP  99.9 1.1E-27 3.5E-33  208.1   0.0  129    1-133     9-137 (591)
  4 tr|A0A2U3Z5S8|A0A2U3Z5S8_LEPWE  99.9 4.5E-27 1.4E-32  193.1   0.0  119    3-134    12-136 (308)
  5 tr|A0A0F8AP60|A0A0F8AP60_LARCR  99.9 4.1E-27 1.5E-32  218.6   0.0  117    3-133    11-133 (1079)
  6 tr|A0A2J7RHS1|A0A2J7RHS1_9NEOP  99.9 6.4E-27   2E-32  192.5   0.0  124    4-134     7-130 (313)
  7 tr|A0A0S7EXZ4|A0A0S7EXZ4_9TELE  99.7 4.2E-21 1.3E-26  152.8   0.0  118    2-133    10-133 (217)
  8 tr|A0A212CG44|A0A212CG44_CEREH  99.7 4.3E-20 1.5E-25  167.2   0.0   99    3-134    12-116 (677)
  9 tr|A0A087V0G0|A0A087V0G0_9ARAC  99.6 2.3E-19 7.1E-25  130.9   0.0   93    2-102     8-100 (110)
 10 tr|W4XFI5|W4XFI5_STRPU Unchara  99.6   5E-19 1.5E-24  145.1   0.0  122    3-134    13-138 (274)
 11 tr|A0A1B0CCP3|A0A1B0CCP3_LUTLO  99.6 4.1E-18 1.3E-23  158.0   0.0  129    2-134   520-649 (1326)
 12 tr|A0A1A8AB83|A0A1A8AB83_NOTFU  99.5 1.9E-17 5.8E-23  140.8   0.0   91   34-133    16-106 (383)
 13 tr|V8PHG7|V8PHG7_OPHHA Coiled-  99.4 4.9E-16 1.5E-21  145.6   0.0  115    4-134    24-144 (1475)
 14 tr|A0A2C9JZG0|A0A2C9JZG0_BIOGL  99.4 1.5E-15 4.5E-21  141.2   0.0  127    3-134    14-144 (1223)
 15 tr|A0A1E1WSG1|A0A1E1WSG1_PECGO  99.2 1.9E-14 5.8E-20  124.7   0.0   75   58-133     2-76  (437)
 16 tr|A0A2K3P536|A0A2K3P536_TRIPR  98.9 6.1E-12 2.3E-17  102.8   0.0  116    3-134    16-133 (188)
 17 tr|A0A0A0LHI0|A0A0A0LHI0_CUCSA  98.7 7.1E-11   3E-16  110.5   0.0  114    3-134    10-125 (600)
 18 tr|A0A0P5YKA7|A0A0P5YKA7_9CRUS  98.7 1.5E-10 4.7E-16  104.3   0.0   66   68-134     1-67  (603)
 19 tr|R0GAS3|R0GAS3_9BRAS Unchara  98.6   3E-10 1.2E-15  103.6   0.0  114    3-134    13-128 (458)
 20 tr|A0A2G5E0J2|A0A2G5E0J2_AQUCA  98.6 3.4E-10 1.4E-15  107.9   0.0  114    3-134    13-128 (753)
 21 tr|K1QQH9|K1QQH9_CRAGI DNA (Cy  98.3 2.8E-09 1.1E-14  104.0   0.0  107    3-134   307-413 (993)
 22 tr|K1Q150|K1Q150_CRAGI Origin   98.3 4.6E-09 1.4E-14  101.9   0.0  103   27-134   929-1035(1751)
 23 tr|A0A1J7GS14|A0A1J7GS14_LUPAN  98.2 8.4E-09 3.3E-14   83.6   0.0   92   26-134     9-103 (162)
 24 tr|B7Q2L8|B7Q2L8_IXOSC Cell di  98.2 1.3E-08 4.2E-14   93.3   0.0   65   68-134     2-67  (565)
 25 tr|A0A0D9V2S9|A0A0D9V2S9_9ORYZ  98.2 1.1E-08 4.4E-14   94.2   0.0  112    3-134     8-121 (460)
 26 tr|V7C020|V7C020_PHAVU Unchara  98.1   2E-08 6.9E-14   87.0   0.0  114    3-134    15-130 (299)
 27 tr|A0A1A6HN46|A0A1A6HN46_NEOLE  98.1 2.2E-08 8.8E-14  100.9   0.0  106    3-134   540-645 (1396)
 28 tr|A0A1R2AMW6|A0A1R2AMW6_9CILI  98.0 4.2E-08 1.7E-13   81.9   0.0   92   26-134    18-109 (195)
 29 tr|A0A2R6QLY3|A0A2R6QLY3_ACTCH  97.9 8.2E-08 3.2E-13   81.1   0.0   89   29-134    12-103 (215)
 30 tr|A0A2K3NK25|A0A2K3NK25_TRIPR  97.9 8.6E-08 3.5E-13   91.0   0.0  108    2-134   112-219 (619)
 31 tr|A0A0R0GDC4|A0A0R0GDC4_SOYBN  97.9 1.2E-07 3.8E-13   79.4   0.0  114    3-134    19-137 (245)
 32 tr|A0A118JSX7|A0A118JSX7_CYNCS  97.9 1.3E-07 4.1E-13   88.5   0.0  115    3-134   113-229 (695)
 33 tr|A0CMR7|A0CMR7_PARTE Unchara  97.8 2.7E-07   1E-12   79.5   0.0  100   26-134    70-170 (254)
 34 tr|Q0D838|Q0D838_ORYSJ Os07g01  97.8 3.1E-07 1.1E-12   78.4   0.0   86   34-134    48-134 (247)
 35 tr|A0A2K3NL02|A0A2K3NL02_TRIPR  97.7 4.3E-07 1.3E-12   75.8   0.0  102   21-134    36-139 (232)
 36 tr|A5ADT5|A5ADT5_VITVI Unchara  97.7 5.8E-07   2E-12   80.9   0.0  114    3-134    12-143 (385)
 37 tr|A0A072VDS4|A0A072VDS4_MEDTR  97.7 8.2E-07 2.5E-12   74.5   0.0  118    3-134    67-186 (238)
 38 tr|A0A1U8AQH8|A0A1U8AQH8_NELNU  97.6 6.2E-07 2.6E-12   87.7   0.0  110    3-134   658-767 (815)
 39 tr|A0A2G2XDP3|A0A2G2XDP3_CAPBA  97.6 9.8E-07   3E-12   75.0   0.0  114    3-134    50-165 (265)
 40 tr|A0A2R5L1F7|A0A2R5L1F7_9CRUS  97.6 1.2E-06 3.8E-12   71.4   0.0   85   33-134     5-89  (186)
 41 tr|A0A1D6KPI8|A0A1D6KPI8_MAIZE  97.5 1.6E-06 5.1E-12   72.2   0.0   83   34-133    50-133 (205)
 42 tr|A0A2P6QG54|A0A2P6QG54_ROSCH  97.5 1.4E-06 5.3E-12   83.7   0.0  107    4-134   143-249 (656)
 43 tr|A0A2N9H2P7|A0A2N9H2P7_FAGSY  97.5 1.5E-06 5.9E-12   81.1   0.0  114    3-134    10-125 (493)
 44 tr|A0A251RKJ3|A0A251RKJ3_HELAN  97.5 1.6E-06   6E-12   73.3   0.0   98   26-133    40-140 (208)
 45 tr|A0A1X7V3Y9|A0A1X7V3Y9_AMPQE  97.5 2.1E-06 6.4E-12   82.0   0.0  110    4-134    13-124 (962)
 46 tr|M0U3X5|M0U3X5_MUSAM Unchara  97.5 2.2E-06 8.1E-12   83.8   0.0  107    2-133   145-251 (837)
 47 tr|A0A2P6PCU9|A0A2P6PCU9_ROSCH  97.4 2.6E-06 9.1E-12   67.2   0.0   84   37-133     6-89  (126)
 48 tr|A0A1D2ADQ6|A0A1D2ADQ6_AUXPR  97.4 3.2E-06 1.1E-11   71.2   0.0   88   31-134     8-95  (205)
 49 tr|M4EEL3|M4EEL3_BRARP Unchara  97.4 3.7E-06 1.2E-11   79.0   0.0  114    3-134    14-129 (755)
 50 tr|A0A0K9QRB6|A0A0K9QRB6_SPIOL  97.3 5.2E-06 1.6E-11   70.4   0.0  113    3-134    10-124 (250)
 51 tr|R7UM18|R7UM18_CAPTE Unchara  97.3 5.3E-06 1.9E-11   69.2   0.0  111    4-134    19-131 (186)
 52 tr|M0T7T0|M0T7T0_MUSAM Unchara  97.3 6.2E-06 1.9E-11   74.5   0.0  114    3-134    12-127 (460)
 53 tr|C5YL61|C5YL61_SORBI Unchara  97.3 6.8E-06 2.4E-11   78.5   0.0  107    2-133   150-256 (661)
 54 tr|A0DYN3|A0DYN3_PARTE Unchara  97.3 6.6E-06 2.5E-11   71.0   0.0   98   26-134    52-149 (234)
 55 tr|H2ZNF4|H2ZNF4_CIOSA Unchara  97.3 8.1E-06 2.5E-11   68.4   0.0   96   27-134    38-140 (222)
 56 tr|A0A0A0K8F5|A0A0A0K8F5_CUCSA  97.3 6.6E-06 2.6E-11   79.7   0.0  107    4-134   149-255 (701)
 57 tr|A0A2R6X5H4|A0A2R6X5H4_MARPO  97.3 7.8E-06 2.6E-11   69.2   0.0   84   34-134    19-103 (213)
 58 tr|A7STK2|A7STK2_NEMVE Predict  97.2 9.4E-06 2.9E-11   73.1   0.0  112    2-133    14-132 (440)
 59 tr|G4YT82|G4YT82_PHYSP Unchara  97.2   8E-06   3E-11   75.6   0.0   91   34-134   107-197 (446)
 60 tr|A0A2T8IGX1|A0A2T8IGX1_9POAL  97.2 1.1E-05 3.4E-11   70.3   0.0   83   34-133    19-102 (309)
 61 tr|A0A2G9FYV3|A0A2G9FYV3_9LAMI  97.2 1.4E-05 4.3E-11   64.1   0.0   81    3-98     13-93  (156)
 62 tr|A0A1D6EPI9|A0A1D6EPI9_MAIZE  97.2 1.5E-05 4.5E-11   67.8   0.0   83   34-133   127-210 (247)
 63 tr|A0A2K3DG77|A0A2K3DG77_CHLRE  97.2 1.5E-05 4.5E-11   72.4   0.0  113    3-134    15-129 (469)
 64 tr|A0A0D2STW8|A0A0D2STW8_GOSRA  97.1 1.5E-05 5.1E-11   67.6   0.0   84   34-134    28-112 (212)
 65 tr|A0A2K3PJ73|A0A2K3PJ73_TRIPR  97.1 1.7E-05 5.2E-11   63.8   0.0   94    3-114    10-103 (158)
 66 tr|W4FM83|W4FM83_9STRA Unchara  97.1 1.5E-05 5.3E-11   72.8   0.0   90   34-134    69-161 (398)
 67 tr|A0A287REF6|A0A287REF6_HORVV  97.1 1.9E-05 6.2E-11   69.7   0.0   83   34-133   123-206 (320)
 68 tr|A0A162AWL5|A0A162AWL5_DAUCA  97.1 2.2E-05 6.7E-11   77.5   0.0  114    3-134    10-125 (1451)
 69 tr|A0A1R3J600|A0A1R3J600_COCAP  97.1 1.9E-05 7.2E-11   77.1   0.0  107    3-134   134-240 (789)
 70 tr|A0A0D2LXV2|A0A0D2LXV2_9CHLO  97.1 2.3E-05 7.2E-11   65.6   0.0   86    2-98     15-100 (216)
 71 tr|A9RES0|A9RES0_PHYPA Predict  97.1 2.4E-05 7.5E-11   69.4   0.0   97   26-134   109-210 (362)
 72 tr|A0A178VCR0|A0A178VCR0_ARATH  97.1 2.1E-05 7.7E-11   71.8   0.0   96   26-133    72-167 (381)
 73 tr|A0A137PHL0|A0A137PHL0_CONC2  97.0 2.3E-05 8.2E-11   79.7   0.0  111    4-133   350-467 (1355)
 74 tr|A0A167C2H4|A0A167C2H4_9ASCO  97.0 1.8E-05 8.7E-11   77.6   0.0   93   27-134    38-133 (744)
 75 tr|A0A1B6K8F8|A0A1B6K8F8_9HEMI  97.0 2.8E-05 9.9E-11   79.3   0.0  107    3-134   752-858 (1567)
 76 tr|A0A166JSI3|A0A166JSI3_9HOMO  97.0 2.2E-05 1.2E-10   80.6   0.0   95   26-133   440-549 (1289)
 77 tr|A0A2H3EKS9|A0A2H3EKS9_ARMGA  96.9 3.3E-05 1.3E-10   76.5   0.0   88   36-134   107-200 (826)
 78 tr|A0A1W0W2I5|A0A1W0W2I5_SORBI  96.9 4.5E-05 1.4E-10   65.6   0.0   85   34-133    65-150 (264)
 79 tr|A0A0R0G0C9|A0A0R0G0C9_SOYBN  96.9   4E-05 1.4E-10   74.9   0.0  108    3-134   139-246 (787)
 80 tr|W9T2B4|W9T2B4_9ROSA Unchara  96.9 4.9E-05 1.5E-10   60.0   0.0   78    3-95      6-83  (135)
 81 tr|E2M1N3|E2M1N3_MONPE Unchara  96.9   5E-05 1.6E-10   60.9   0.0   75   22-98     52-145 (151)
 82 tr|F1PQM0|F1PQM0_CANLF BAH dom  96.9 4.3E-05 1.6E-10   81.2   0.0  112    4-134  2377-2489(2533)
 83 tr|K4D684|K4D684_SOLLC Unchara  96.9 5.4E-05 1.7E-10   59.6   0.0   81   21-115    34-114 (132)
 84 tr|A0A0E0FPF0|A0A0E0FPF0_ORYNI  96.9 5.5E-05 1.8E-10   71.5   0.0  112    3-134   131-244 (618)
 85 tr|F2UI95|F2UI95_SALR5 Unchara  96.9 6.2E-05 1.9E-10   64.7   0.0   90   26-133     9-98  (262)
 86 tr|A0A1U7LSM1|A0A1U7LSM1_9ASCO  96.9 6.3E-05 1.9E-10   60.6   0.0   97   26-133    19-119 (155)
 87 tr|A0A2P5XRH2|A0A2P5XRH2_GOSBA  96.8 7.7E-05 2.5E-10   64.9   0.0   84   35-134    20-104 (272)
 88 tr|A0A2G5D0H2|A0A2G5D0H2_AQUCA  96.8 8.8E-05 2.8E-10   66.4   0.0  114    3-134    11-126 (361)
 89 tr|A0A2U3Z592|A0A2U3Z592_LEPWE  96.8 7.9E-05 2.8E-10   75.8   0.0  113    3-134  1139-1252(1296)
 90 tr|D8QZ12|D8QZ12_SELML Unchara  96.8 9.4E-05 2.9E-10   69.5   0.0  112    3-134   492-603 (652)
 91 tr|A0A2V0PMB7|A0A2V0PMB7_9CHLO  96.8 9.7E-05   3E-10   66.7   0.0   84    3-98     69-152 (411)
 92 tr|A0A0D9W078|A0A0D9W078_9ORYZ  96.7  0.0001 3.2E-10   65.2   0.0   85   34-133    22-107 (338)
 93 tr|L1IYT5|L1IYT5_GUITH Unchara  96.7 0.00012 3.6E-10   68.4   0.0  114    5-134    48-166 (589)
 94 tr|A0A2T7NKQ9|A0A2T7NKQ9_POMCA  96.7 0.00011 3.9E-10   75.2   0.0  101    4-134   694-794 (1590)
 95 sp|O49139|CMT1_ARATH Putative   96.7  0.0001 3.9E-10   72.8   0.0   92   26-133    69-160 (791)
 96 tr|A0A072TE56|A0A072TE56_MEDTR  96.7 0.00013 3.9E-10   57.0   0.0   95    3-116    16-110 (122)
 97 tr|V9KA20|V9KA20_CALMI Polybro  96.7 0.00012 4.3E-10   74.9   0.0   92   27-134   776-867 (1318)
 98 tr|A0A1W0VST5|A0A1W0VST5_SORBI  96.7 0.00013 4.3E-10   70.5   0.0  109    3-134   523-631 (678)
 99 tr|B7PMA7|B7PMA7_IXOSC Bahcc1   96.7 0.00013 4.5E-10   59.6   0.0   99   26-134     7-115 (156)
100 tr|H2PLE3|H2PLE3_PONAB Unchara  96.7 0.00013 4.6E-10   72.7   0.0  118    4-134   728-865 (909)
101 tr|A0A2R6X2F3|A0A2R6X2F3_MARPO  96.6 0.00016 4.9E-10   69.2   0.0   97   26-133    33-130 (793)
102 tr|A0A1E5VPE9|A0A1E5VPE9_9POAL  96.6 0.00018 5.5E-10   66.4   0.0   83   34-133   293-376 (505)
103 tr|A0A2G2Y4C7|A0A2G2Y4C7_CAPAN  96.6 0.00016 5.5E-10   68.6   0.0   91   26-133    97-187 (582)
104 tr|A0A146VKY6|A0A146VKY6_FUNHE  96.6 0.00015 5.5E-10   76.0   0.0  112    3-134  1679-1792(1837)
105 tr|S8DT15|S8DT15_9LAMI Unchara  96.6 0.00018 5.9E-10   67.2   0.0  106    3-133   130-235 (486)
106 tr|A0A176WIS4|A0A176WIS4_MARPO  96.6  0.0002 6.3E-10   69.5   0.0  111    4-134   812-922 (969)
107 tr|A0A218X676|A0A218X676_PUNGR  96.6 0.00021 6.4E-10   60.6   0.0   81   37-133    58-139 (222)
108 tr|A0A2P5RWJ7|A0A2P5RWJ7_GOSBA  96.6 0.00021 6.5E-10   63.0   0.0   82   36-133    21-103 (299)
109 tr|A0A2G2VQV2|A0A2G2VQV2_CAPBA  96.6 0.00022 6.8E-10   60.8   0.0   93    4-115    22-114 (233)
110 tr|A0A2U1KLP9|A0A2U1KLP9_ARTAN  96.6 0.00022 6.8E-10   63.1   0.0   83   34-133    19-102 (325)
111 tr|A0A139WMA9|A0A139WMA9_TRICA  96.5 0.00017 7.1E-10   76.1   0.0   89   26-134  1122-1213(1679)
112 tr|A0A1R1PH14|A0A1R1PH14_ZANCU  96.5 0.00024 7.3E-10   64.1   0.0   86   34-133    68-153 (392)
113 tr|L8GQ54|L8GQ54_ACACA Chromo'  96.5 0.00025 7.7E-10   70.7   0.0   86    2-101   732-819 (1421)
114 tr|A0A0D3EG73|A0A0D3EG73_BRAOL  96.5 0.00025 7.7E-10   64.8   0.0  101    3-112    11-111 (444)
115 tr|A0A1S3XLX0|A0A1S3XLX0_TOBAC  96.5 0.00023 7.7E-10   66.2   0.0   91   26-134   151-241 (438)
116 tr|A0A0E0AVF3|A0A0E0AVF3_9ORYZ  96.5 0.00026   8E-10   67.3   0.0   83   34-133    19-102 (707)
117 tr|J3MX57|J3MX57_ORYBR Unchara  96.5 0.00026 8.1E-10   63.8   0.0   83   34-133    20-103 (391)
118 tr|S8C4I0|S8C4I0_9LAMI Unchara  96.5 0.00025 8.4E-10   65.0   0.0   91   26-133    59-149 (383)
119 tr|S4RAY1|S4RAY1_PETMA Unchara  96.5 0.00026 8.6E-10   69.4   0.0  107    3-134   606-712 (902)
120 tr|W6Y593|W6Y593_COCCA Unchara  96.5 0.00022 8.8E-10   66.7   0.0   97   26-133   108-207 (417)
121 tr|A0A2H3XZ31|A0A2H3XZ31_PHODC  96.5 0.00025   9E-10   71.2   0.0   93   26-134   272-364 (994)
122 tr|D8UF31|D8UF31_VOLCA Unchara  96.5  0.0003 9.2E-10   71.1   0.0   97   26-134   552-650 (1782)
123 tr|M7AYW8|M7AYW8_CHEMY Eukaryo  96.5 0.00028 9.2E-10   72.4   0.0  106    3-134   672-777 (1889)
124 tr|A0A093QRQ7|A0A093QRQ7_PHACA  96.5 0.00029 9.4E-10   64.3   0.0  101    3-134    47-147 (386)
125 tr|A0A1S3VMY7|A0A1S3VMY7_VIGRR  96.5 0.00025 9.5E-10   62.7   0.0   96   26-134    83-178 (259)
126 tr|A0A1S3RCI1|A0A1S3RCI1_SALSA  96.5 0.00028 9.8E-10   68.3   0.0  112    4-134   488-600 (647)
127 tr|A0A200QE02|A0A200QE02_9MAGN  96.5 0.00032 9.9E-10   60.4   0.0   83   34-133    19-102 (251)
128 tr|A0A0D0CRG8|A0A0D0CRG8_9AGAR  96.5 0.00027   1E-09   71.3   0.0  100   26-134   205-322 (1026)
129 tr|A0A261Y2R7|A0A261Y2R7_9FUNG  96.4 0.00033   1E-09   68.2   0.0   90   23-134   337-426 (977)
130 tr|A0A1U8QAB0|A0A1U8QAB0_NELNU  96.4 0.00037 1.1E-09   64.2   0.0   83   34-133    19-102 (483)
131 tr|A0A2P6QCU7|A0A2P6QCU7_ROSCH  96.4 0.00033 1.2E-09   70.5   0.0  110    3-134   875-984 (1029)
132 tr|A0A2R6QNA5|A0A2R6QNA5_ACTCH  96.4 0.00033 1.2E-09   67.2   0.0   95   26-134    60-155 (555)
133 tr|A0A1S4BJC3|A0A1S4BJC3_TOBAC  96.4 0.00042 1.3E-09   65.5   0.0   84   34-133    19-102 (646)
134 tr|A0A2P5R5F2|A0A2P5R5F2_GOSBA  96.4 0.00042 1.4E-09   60.7   0.0   83   34-133    28-111 (263)
135 tr|A0A2I0X3E3|A0A2I0X3E3_9ASPA  96.4 0.00037 1.4E-09   70.2   0.0   92   26-133   238-329 (960)
136 tr|A0A1D6S544|A0A1D6S544_WHEAT  96.4 0.00046 1.4E-09   55.8   0.0   52   35-95     20-71  (150)
137 tr|Q0C725|Q0C725_AEDAE AAEL000  96.3 0.00042 1.5E-09   72.9   0.0  107    5-134  1711-1819(1877)
138 tr|L1JXS5|L1JXS5_GUITH Unchara  96.3 0.00052 1.6E-09   66.3   0.0   88   36-133   122-214 (841)
139 tr|A0A1B6JMK5|A0A1B6JMK5_9HEMI  96.3 0.00054 1.7E-09   64.4   0.0  111    4-134   425-537 (591)
140 tr|A0A1B6E3E0|A0A1B6E3E0_9HEMI  96.3 0.00056 1.7E-09   63.1   0.0  110    3-134   328-438 (483)
141 tr|A0A0L0GEU8|A0A0L0GEU8_9EUKA  96.3 0.00062 1.9E-09   63.6   0.0   91    3-103    72-163 (551)
142 tr|A0A087T5F2|A0A087T5F2_9ARAC  96.2 0.00052 2.1E-09   71.0   0.0   89   26-134   720-810 (1232)
143 tr|A0A1B6FFS9|A0A1B6FFS9_9HEMI  96.2 0.00071 2.2E-09   60.7   0.0   89    3-113    93-181 (356)
144 tr|A0A2P5W0B7|A0A2P5W0B7_GOSBA  96.2 0.00072 2.2E-09   59.5   0.0   83   34-133    28-111 (297)
145 tr|A0A1D1VIP4|A0A1D1VIP4_RAMVA  96.2 0.00076 2.4E-09   62.2   0.0   85   34-134   310-394 (474)
146 tr|T1PGI7|T1PGI7_MUSDO BAH dom  96.2 0.00072 2.4E-09   69.5   0.0   91   26-134  1397-1488(1577)
147 tr|A0A251V395|A0A251V395_HELAN  96.2 0.00075 2.5E-09   57.6   0.0   83   32-133    26-108 (199)
148 tr|A0A2G2VQV7|A0A2G2VQV7_CAPBA  96.2 0.00086 2.7E-09   64.2   0.0   99   21-133    58-158 (694)
149 tr|A0A1G4IP80|A0A1G4IP80_9SACH  96.1 0.00072 2.8E-09   68.0   0.0   90   29-134   365-454 (875)
150 tr|M4D2K5|M4D2K5_BRARP Unchara  96.1 0.00093 2.9E-09   59.7   0.0   84   35-133   127-211 (336)
151 tr|A0A1I8PY52|A0A1I8PY52_STOCA  96.1 0.00089   3E-09   70.7   0.0   91   26-134  2135-2226(2307)
152 tr|A0A2K3DG76|A0A2K3DG76_CHLRE  96.1 0.00093   3E-09   65.7   0.0   86    3-96      6-92  (838)
153 tr|A0A1A7Y1F1|A0A1A7Y1F1_9TELE  96.1 0.00098   3E-09   66.1   0.0  113    3-134  1008-1121(1166)
154 tr|A0A2H5N682|A0A2H5N682_CITUN  96.1 0.00098 3.1E-09   58.9   0.0   84   33-133    26-110 (285)
155 tr|A0A1B6LHR4|A0A1B6LHR4_9HEMI  96.1   0.001 3.1E-09   64.7   0.0  111    4-134   721-833 (883)
156 tr|A0A2S2QNS2|A0A2S2QNS2_9HEMI  96.1 0.00099 3.2E-09   60.8   0.0  112    3-134   221-334 (387)
157 tr|A0DBK1|A0DBK1_PARTE Unchara  96.1 0.00088 3.2E-09   58.6   0.0   96   26-133    49-144 (232)
158 tr|A0A2U1KP30|A0A2U1KP30_ARTAN  96.1 0.00095 3.2E-09   61.9   0.0   95   26-133   243-337 (413)
159 tr|A0A2R6Q374|A0A2R6Q374_ACTCH  96.1 0.00092 3.4E-09   68.0   0.0   92   26-134   324-415 (1054)
160 tr|A0A2V3IMR1|A0A2V3IMR1_9FLOR  96.1  0.0012 3.6E-09   64.0   0.0   83   37-134    72-154 (814)
161 tr|D8RVL5|D8RVL5_SELML Unchara  96.1  0.0012 3.6E-09   63.1   0.0   91   26-133   151-241 (688)
162 tr|A0A1R3IZ32|A0A1R3IZ32_COCAP  96.0  0.0011 4.1E-09   68.1   0.0   92   26-134   389-480 (1138)
163 tr|A0A084VDX2|A0A084VDX2_ANOSI  96.0  0.0013 4.3E-09   58.9   0.0  109    4-134   116-225 (306)
164 tr|V9KA20|V9KA20_CALMI Polybro  96.0  0.0012 4.3E-09   68.3   0.0   89   27-134   978-1067(1318)
165 tr|A0A2P4X433|A0A2P4X433_9STRA  96.0  0.0014 4.5E-09   58.2   0.0   91   34-134   116-206 (301)
166 tr|A0A139WMA9|A0A139WMA9_TRICA  96.0  0.0011 4.5E-09   70.7   0.0   90   28-134   930-1019(1679)
167 tr|A0A060SHX9|A0A060SHX9_PYCCI  96.0  0.0016 4.8E-09   62.2   0.0   88   34-133   100-189 (660)
168 tr|A9V9J0|A9V9J0_MONBE Predict  96.0  0.0015 4.9E-09   64.4   0.0   95   26-134    79-174 (807)
169 tr|A0A0B2RQH8|A0A0B2RQH8_GLYSO  96.0  0.0014 4.9E-09   56.4   0.0   64   59-134    11-75  (209)
170 tr|A0A2P5YBS7|A0A2P5YBS7_GOSBA  95.9  0.0016   5E-09   58.8   0.0   83   34-133    28-111 (363)
171 tr|A0A218VWM0|A0A218VWM0_PUNGR  95.9  0.0017 5.2E-09   48.1   0.0   69   19-97      9-77  (80)
172 tr|A0EFW9|A0EFW9_PARTE Unchara  95.9  0.0015 5.3E-09   56.8   0.0   89   33-134    51-139 (224)
173 tr|B9GKZ2|B9GKZ2_POPTR Unchara  95.9  0.0018 5.6E-09   57.8   0.0  113    3-134    13-128 (327)
174 tr|A0A2U1LCW3|A0A2U1LCW3_ARTAN  95.9  0.0019 5.8E-09   57.4   0.0   81   37-133    61-141 (307)
175 tr|A0A2P6VGW4|A0A2P6VGW4_9CHLO  95.9  0.0019 5.9E-09   57.2   0.0   87   33-133     7-96  (300)
176 tr|A0A0E0PWX1|A0A0E0PWX1_ORYRU  95.9  0.0019 5.9E-09   60.3   0.0  108    4-134   367-475 (509)
177 tr|A0A1I7SNE7|A0A1I7SNE7_BURXY  95.9  0.0019   6E-09   54.7   0.0   93   26-134    91-183 (208)
178 tr|E4XD69|E4XD69_OIKDI Unchara  95.9  0.0019   6E-09   63.9   0.0   91   34-133   207-303 (1085)
179 tr|G3AF82|G3AF82_SPAPN Unchara  95.9  0.0016 6.3E-09   65.5   0.0   92   27-134   362-453 (797)
180 tr|M4DWG2|M4DWG2_BRARP Unchara  95.9   0.002 6.4E-09   57.1   0.0   83   34-133    27-110 (285)
181 tr|A0A1J9QK45|A0A1J9QK45_9PEZI  95.8  0.0019 6.6E-09   60.0   0.0   97   26-133   128-224 (389)
182 tr|A0A1S3D1F3|A0A1S3D1F3_DIACI  95.8  0.0023 7.1E-09   58.2   0.0   94   23-134   243-336 (382)
183 tr|J3MJ35|J3MJ35_ORYBR Unchara  95.8  0.0023 7.1E-09   62.4   0.0   85   34-133    63-148 (857)
184 tr|A0A1R3H3C3|A0A1R3H3C3_9ROSI  95.8  0.0022 7.1E-09   63.9   0.0   83   34-133    28-111 (1032)
185 tr|A0A0W4ZER8|A0A0W4ZER8_PNEJ7  95.8  0.0023 7.5E-09   57.8   0.0   96   27-133   106-203 (334)
186 tr|A0A146MBM0|A0A146MBM0_LYGHE  95.8  0.0024 7.5E-09   61.3   0.0  109    3-133   508-617 (698)
187 tr|A0A1I8CM42|A0A1I8CM42_9BILA  95.8  0.0025 8.2E-09   67.0   0.0   94   26-134  1164-1257(1988)
188 tr|A0A1J7FWF6|A0A1J7FWF6_LUPAN  95.8  0.0026 8.2E-09   57.9   0.0   83   34-133    19-102 (357)
189 tr|A0A182V8T7|A0A182V8T7_ANOME  95.8  0.0027 8.3E-09   57.4   0.0  109    4-134   214-323 (360)
190 tr|A0A2H8TMF9|A0A2H8TMF9_9HEMI  95.7  0.0029 9.1E-09   63.9   0.0  112    3-134  1186-1299(1351)
191 tr|A0A2K1IH44|A0A2K1IH44_PHYPA  95.7   0.003 9.2E-09   61.3   0.0   95   27-134   656-750 (784)
192 tr|C0PEF4|C0PEF4_MAIZE Agenet   95.7  0.0029 9.6E-09   62.8   0.0  101    3-128   139-239 (833)
193 tr|A0A1D2MKW8|A0A1D2MKW8_ORCCI  95.7  0.0031 9.6E-09   59.4   0.0  114    4-134   381-494 (547)
194 tr|A0A067P3G2|A0A067P3G2_PLEOS  95.7  0.0023 9.7E-09   66.2   0.0   93   26-134   263-371 (1098)
195 tr|A0A1Z5TCK0|A0A1Z5TCK0_HORWE  95.7  0.0023 9.8E-09   59.6   0.0   67   26-96    106-173 (369)
196 tr|A0A0S7GVI6|A0A0S7GVI6_9TELE  95.7  0.0034 1.1E-08   62.3   0.0  112    4-134   913-1025(1070)
197 tr|A0A165L717|A0A165L717_9APHY  95.6  0.0028 1.2E-08   63.8   0.0   99   23-133   399-498 (783)
198 tr|A0A287V476|A0A287V476_HORVV  95.6  0.0039 1.2E-08   57.2   0.0   99   23-134   159-258 (412)
199 tr|L8H0Y8|L8H0Y8_ACACA BAH dom  95.6  0.0042 1.3E-08   63.4   0.0  118    3-133   128-257 (1668)
200 tr|A0A077S4C4|A0A077S4C4_WHEAT  95.5  0.0042 1.4E-08   61.7   0.0   72    3-92    159-230 (871)
201 tr|A0A0P4WNL2|A0A0P4WNL2_9EUCA  95.5  0.0047 1.5E-08   57.3   0.0  117    4-134   266-385 (453)
202 tr|U4LF62|U4LF62_PYROM Unchara  95.5  0.0048 1.5E-08   54.2   0.0   97   26-133    46-143 (268)
203 tr|A0A0D9WPQ3|A0A0D9WPQ3_9ORYZ  95.5  0.0048 1.5E-08   57.1   0.0  109    4-134   297-405 (442)
204 tr|K8EGY2|K8EGY2_9CHLO Unchara  95.5   0.005 1.5E-08   58.7   0.0   95    4-112   426-528 (617)
205 tr|A0A1X6NRJ6|A0A1X6NRJ6_PORUM  95.5   0.005 1.5E-08   52.2   0.0   95   26-133    38-133 (198)
206 tr|A0A2T0FHV3|A0A2T0FHV3_9ASCO  95.5   0.004 1.6E-08   62.1   0.0   90   27-133   328-417 (703)
207 tr|M7Z8C6|M7Z8C6_TRIUA DNA (Cy  95.5  0.0052 1.6E-08   60.4   0.0   91   27-133   478-568 (897)
208 tr|A0A1X7VK56|A0A1X7VK56_AMPQE  95.4  0.0058 1.8E-08   62.3   0.0   91   26-134  1029-1119(1539)
209 tr|A2FU77|A2FU77_TRIVA Unchara  95.4  0.0056 1.9E-08   59.1   0.0   95   26-133    48-142 (593)
210 tr|A4RSL7|A4RSL7_OSTLU Unchara  95.4  0.0062 1.9E-08   54.7   0.0   96    4-114   133-228 (325)
211 tr|A0A0P6ILZ5|A0A0P6ILZ5_9CRUS  95.4  0.0061   2E-08   49.3   0.0   83   34-133     5-87  (130)
212 tr|A0A2Y9LU41|A0A2Y9LU41_DELLE  95.3  0.0068 2.1E-08   61.7   0.0  106    4-134   770-875 (1498)
213 tr|A0A061G618|A0A061G618_THECC  95.3  0.0067 2.1E-08   62.1   0.0   91   27-134   688-778 (1427)
214 tr|A0A2U1MLS9|A0A2U1MLS9_ARTAN  95.3   0.007 2.2E-08   53.3   0.0   84   34-133    27-110 (269)
215 tr|A0A2P6NP69|A0A2P6NP69_9MYCE  95.3  0.0071 2.2E-08   59.8   0.0  113    3-134   543-660 (956)
216 tr|A0A1S2YT93|A0A1S2YT93_CICAR  95.3  0.0067 2.3E-08   62.0   0.0   91   26-133   242-332 (1093)
217 tr|A0A1S3VQL1|A0A1S3VQL1_VIGRR  95.3  0.0077 2.4E-08   59.1   0.0   95   26-133    76-170 (854)
218 tr|R1DTQ0|R1DTQ0_EMIHU Unchara  95.3  0.0078 2.4E-08   58.4   0.0   76    5-96    198-273 (734)
219 tr|C1MGF2|C1MGF2_MICPC Bah-phd  95.2  0.0073 2.5E-08   50.1   0.0   46   80-133     6-52  (149)
220 tr|K7EFI5|K7EFI5_ORNAN Unchara  95.2  0.0083 2.6E-08   46.2   0.0   80   38-133     2-81  (99)
221 tr|A0A250XJE5|A0A250XJE5_9CHLO  95.2  0.0089 2.7E-08   59.1   0.0  112    3-134     9-122 (942)
222 tr|H2ZED9|H2ZED9_CIOSA Unchara  95.2  0.0081 2.8E-08   62.7   0.0  105    4-134   979-1090(1470)
223 tr|A0A1S8VXW6|A0A1S8VXW6_9FUNG  95.1  0.0087   3E-08   61.0   0.0   94   27-133    12-106 (1014)
224 tr|H2ZED9|H2ZED9_CIOSA Unchara  95.1   0.009 3.1E-08   62.4   0.0   89   30-133   815-903 (1470)
225 tr|A0A0S3SIE8|A0A0S3SIE8_PHAAN  95.1    0.01 3.1E-08   50.7   0.0   84   34-133    19-102 (205)
226 tr|A0A081CK51|A0A081CK51_PSEA2  95.1    0.01 3.3E-08   59.6   0.0   97   23-133   401-498 (948)
227 tr|A9UTI4|A9UTI4_MONBE Predict  95.1   0.011 3.3E-08   54.2   0.0   61   27-96     99-159 (377)
228 tr|B6K521|B6K521_SCHJY RSC com  95.1    0.01 3.5E-08   59.7   0.0   88   30-133   309-396 (841)
229 tr|A0A091ELQ7|A0A091ELQ7_CORBR  95.0   0.011 3.5E-08   57.2   0.0  114    3-134   275-398 (650)
230 tr|A0A067RLN8|A0A067RLN8_ZOONE  95.0   0.011 3.6E-08   60.6   0.0   92   26-134  1497-1589(1635)
231 tr|A0A2K3NJ18|A0A2K3NJ18_TRIPR  95.0    0.01 3.6E-08   56.0   0.0   96   26-134    83-178 (420)
232 tr|A0A131XEM7|A0A131XEM7_9ACAR  95.0   0.012 3.6E-08   59.9   0.0  114    4-134  1215-1328(1370)
233 tr|A0A176VYC6|A0A176VYC6_MARPO  95.0   0.012 3.7E-08   58.3   0.0  107    3-133   152-258 (928)
234 tr|A0A1Y1HXI6|A0A1Y1HXI6_KLENI  95.0   0.012 3.8E-08   58.3   0.0  112    2-133   782-893 (939)
235 tr|A0A2G5BFZ3|A0A2G5BFZ3_COERN  95.0   0.012 3.8E-08   52.4   0.0   99   23-134    74-172 (295)
236 tr|A0A2X0P4C1|A0A2X0P4C1_9BASI  95.0   0.011 3.9E-08   60.5   0.0   96   23-133   539-634 (952)
237 tr|A0A212FCB3|A0A212FCB3_DANPL  95.0   0.012   4E-08   59.3   0.0  116    4-134   818-937 (1010)
238 tr|A0A2V0PH57|A0A2V0PH57_9CHLO  94.9   0.013 4.1E-08   54.8   0.0   68   26-98    118-185 (468)
239 tr|A0A0T6B8G2|A0A0T6B8G2_9SCAR  94.9   0.012 4.2E-08   56.5   0.0   91   26-134   308-399 (520)
240 tr|B3RLS9|B3RLS9_TRIAD Unchara  94.9   0.014 4.2E-08   59.0   0.0   91   26-133   757-847 (1204)
241 tr|A0A182FZP7|A0A182FZP7_ANOAL  94.9   0.014 4.4E-08   62.1   0.0  109    4-134  2221-2330(2400)
242 tr|A0A287P7N4|A0A287P7N4_HORVV  94.9   0.014 4.4E-08   58.3   0.0   59   26-94    648-706 (1051)
243 tr|A0A2G5C2T0|A0A2G5C2T0_AQUCA  94.9   0.013 4.5E-08   59.3   0.0   96   23-131   284-381 (992)
244 tr|A0A2G2VCX1|A0A2G2VCX1_CAPBA  94.9   0.013 4.7E-08   56.2   0.0   84   34-134    87-170 (481)
245 tr|A0A1D1ZKB1|A0A1D1ZKB1_9ARAE  94.8   0.016 4.8E-08   52.2   0.0   84   34-133    77-160 (315)
246 tr|A0A2J8AC16|A0A2J8AC16_9CHLO  94.8   0.016 4.8E-08   42.6   0.0   58    3-73      4-61  (72)
247 tr|A0A2K1JBZ2|A0A2K1JBZ2_PHYPA  94.8   0.017 5.2E-08   57.0   0.0   96   26-133    31-128 (850)
248 tr|F6HEH0|F6HEH0_VITVI Unchara  94.8   0.017 5.3E-08   53.8   0.0   59   26-94    110-168 (443)
249 tr|A0A061I9I5|A0A061I9I5_CRIGR  94.7   0.018 5.7E-08   60.8   0.0  106    3-134  1136-1241(2024)
250 tr|A0A061QGD1|A0A061QGD1_9CHLO  94.7   0.019 5.8E-08   48.3   0.0   58   26-94      8-65  (175)
251 tr|A0A087T5F2|A0A087T5F2_9ARAC  94.7   0.015 5.9E-08   61.4   0.0   91   27-133   524-614 (1232)
252 tr|K3XS26|K3XS26_SETIT Unchara  94.7   0.019   6E-08   53.3   0.0   94   26-133   151-244 (423)
253 tr|A0A146IF46|A0A146IF46_9AGAR  94.7   0.018   6E-08   56.7   0.0   96   27-133    30-142 (710)
254 tr|S4R753|S4R753_PETMA Polybro  94.7   0.018   6E-08   58.0   0.0   92   26-133   433-524 (859)
255 tr|C7ZBR9|C7ZBR9_NECH7 Unchara  94.7    0.02 6.1E-08   50.3   0.0   81   26-111    68-158 (250)
256 tr|A0A210QH05|A0A210QH05_MIZYE  94.7   0.019 6.4E-08   62.3   0.0  111    4-134  2283-2395(2442)
257 tr|L7MJK6|L7MJK6_9ACAR Putativ  94.6   0.019 6.5E-08   62.0   0.0  114    4-134  2266-2379(2421)
258 tr|N6UCY4|N6UCY4_DENPD Unchara  94.6   0.019 6.5E-08   56.6   0.0   87   34-134   526-612 (624)
259 tr|I1H7R2|I1H7R2_BRADI Unchara  94.6    0.02 6.6E-08   58.6   0.0   96   26-134   319-416 (1103)
260 tr|A0A091DRM5|A0A091DRM5_FUKDA  94.6   0.021 6.8E-08   52.0   0.0   94   27-134   141-234 (303)
261 tr|A0A176WHC8|A0A176WHC8_MARPO  94.6   0.021 6.9E-08   50.7   0.0   86   34-133    74-160 (254)
262 tr|A0A069DXM8|A0A069DXM8_9HEMI  94.6   0.023 7.1E-08   57.1   0.0  112    5-134   923-1036(1081)
263 tr|A0A0Q3TCA2|A0A0Q3TCA2_AMAAE  94.5   0.025 7.8E-08   46.0   0.0   94   27-134    37-130 (137)
264 tr|A0A2V0PM56|A0A2V0PM56_9CHLO  94.5   0.024 7.9E-08   56.3   0.0   60    2-73      5-64  (723)
265 tr|A0A1A8I931|A0A1A8I931_NOTKU  94.5   0.027 8.3E-08   48.0   0.0   35   99-133     2-36  (192)
266 tr|G1XAW5|G1XAW5_ARTOA Unchara  94.4   0.025 8.6E-08   52.4   0.0   96   26-133    79-175 (335)
267 tr|A0A0L0CD41|A0A0L0CD41_LUCCU  94.4   0.028 8.7E-08   59.8   0.0   91   26-134  2656-2747(2856)
268 tr|A0A2R5GRB9|A0A2R5GRB9_9STRA  94.4   0.026 9.1E-08   56.2   0.0  110    3-134    58-167 (704)
269 tr|A0A0D2KIL3|A0A0D2KIL3_9CHLO  94.4   0.029 9.1E-08   42.7   0.0   58    3-73     15-72  (88)
270 tr|A0BX56|A0BX56_PARTE Unchara  94.4   0.029 9.1E-08   55.4   0.0   99   27-134    71-170 (833)
271 tr|A0A182GVH7|A0A182GVH7_AEDAL  94.4   0.026 9.1E-08   58.7   0.0   93   28-134  1017-1110(1175)
272 tr|A0A251RXT9|A0A251RXT9_HELAN  94.4    0.03 9.2E-08   48.1   0.0   49   39-96    120-168 (203)
273 tr|A0A0T6BC16|A0A0T6BC16_9SCAR  94.4   0.026 9.3E-08   59.5   0.0  109    5-134  1179-1289(1340)
274 tr|A0A2G5C2K5|A0A2G5C2K5_AQUCA  94.4    0.03 9.3E-08   51.9   0.0   56   33-97     29-84  (400)
275 tr|D8QSY4|D8QSY4_SELML Unchara  94.3   0.031 9.6E-08   54.6   0.0   94   26-133    46-140 (725)
276 tr|L1I879|L1I879_GUITH Unchara  94.3   0.033   1E-07   54.2   0.0  109    6-133    16-125 (675)
277 tr|I2GWX0|I2GWX0_TETBL Unchara  94.3   0.031   1E-07   57.3   0.0   89   30-134   509-597 (1119)
278 tr|A0A1B0D507|A0A1B0D507_PHLPP  94.3   0.034   1E-07   54.5   0.0  111    4-134   578-689 (742)
279 tr|M7NM94|M7NM94_PNEMU Unchara  94.3   0.032 1.1E-07   55.7   0.0   92   26-133   337-428 (764)
280 tr|L1I879|L1I879_GUITH Unchara  94.2   0.036 1.1E-07   53.9   0.0  107    3-133   295-402 (675)
281 tr|A0A2M4B9L8|A0A2M4B9L8_9DIPT  94.2   0.036 1.1E-07   56.8   0.0  108    4-133  1195-1303(1373)
282 tr|A0A1Y1I0M6|A0A1Y1I0M6_KLENI  94.2   0.037 1.2E-07   56.7   0.0   96   26-133   160-257 (1384)
283 tr|A0A1Q3FBC5|A0A1Q3FBC5_CULTA  94.2   0.038 1.2E-07   57.9   0.0  109    4-134  1805-1914(1972)
284 tr|B8BF36|B8BF36_ORYSI Unchara  94.1   0.039 1.2E-07   51.0   0.0   67   36-117    21-87  (385)
285 tr|A0A2R6WC87|A0A2R6WC87_MARPO  94.1   0.037 1.2E-07   55.0   0.0   99   23-134    65-163 (688)
286 tr|A0A090N4N1|A0A090N4N1_OSTTA  94.1   0.041 1.3E-07   51.4   0.0   96    4-114   238-333 (426)
287 tr|A0A182STM7|A0A182STM7_9DIPT  94.1   0.041 1.3E-07   51.8   0.0   94   27-134   278-372 (437)
288 tr|A0A2B4SAR6|A0A2B4SAR6_STYPI  94.0   0.044 1.4E-07   55.2   0.0   67   26-101    50-119 (1042)
289 tr|A0A180GC20|A0A180GC20_PUCT1  94.0   0.043 1.4E-07   55.0   0.0   93   27-134   393-485 (817)
290 tr|A0A2U1MH77|A0A2U1MH77_ARTAN  94.0   0.046 1.4E-07   45.0   0.0   95   27-131    30-129 (145)
291 tr|I0Z819|I0Z819_COCSC Unchara  94.0   0.047 1.5E-07   57.8   0.0  116    4-134  2043-2161(2361)
292 tr|A0A2P4GX56|A0A2P4GX56_QUESU  94.0   0.047 1.5E-07   51.6   0.0   90   27-133   271-360 (482)
293 tr|F9F1H9|F9F1H9_FUSOF Unchara  94.0   0.039 1.5E-07   55.0   0.0   93   27-133    62-154 (634)
294 tr|A0A024GLG7|A0A024GLG7_9STRA  94.0   0.047 1.5E-07   51.4   0.0   95   29-134    89-183 (457)
295 tr|E0VIX1|E0VIX1_PEDHC Synapto  93.9   0.049 1.5E-07   55.9   0.0  110    5-134  1203-1314(1360)
296 tr|V5EZN8|V5EZN8_KALBG RSC com  93.9   0.049 1.5E-07   53.5   0.0   98   23-133   213-310 (745)
297 tr|T1KA45|T1KA45_TETUR Unchara  93.9    0.05 1.5E-07   53.1   0.0   91   26-134   544-636 (685)
298 tr|H9H0U6|H9H0U6_MELGA Unchara  93.9    0.05 1.5E-07   49.8   0.0   84    4-99    259-343 (347)
299 tr|A0A287PDU8|A0A287PDU8_HORVV  93.9    0.05 1.6E-07   46.5   0.0   96   26-134    14-111 (192)
300 tr|A0A1E1MEA2|A0A1E1MEA2_RHYSE  93.9   0.041 1.6E-07   51.8   0.0  102   26-133    95-209 (352)
301 tr|A0A2B4S2J0|A0A2B4S2J0_STYPI  93.8   0.055 1.7E-07   53.1   0.0   99   26-134   559-657 (723)
302 tr|T0NP34|T0NP34_CAMFR Bromo a  93.8   0.056 1.7E-07   52.1   0.0   94   27-134   430-523 (592)
303 tr|W1Q9P5|W1Q9P5_OGAPD Chromat  93.8   0.047 1.7E-07   55.9   0.0   86   31-133   397-482 (844)
304 tr|A0A151TF05|A0A151TF05_CAJCA  93.7   0.054 1.8E-07   56.2   0.0   96   26-134   110-205 (1134)
305 tr|A0A194PGN4|A0A194PGN4_PAPXU  93.7   0.064   2E-07   47.1   0.0   85   34-134    78-163 (236)
306 tr|Q22XR6|Q22XR6_TETTS PHD-fin  93.6   0.065   2E-07   49.2   0.0   83   27-115   115-198 (349)
307 tr|A0A2T7PW85|A0A2T7PW85_POMCA  93.6   0.065   2E-07   53.8   0.0   92   26-134   834-926 (970)
308 tr|A0A1E1W7A0|A0A1E1W7A0_PECGO  93.6   0.067 2.1E-07   48.0   0.0   90    3-112   192-281 (284)
309 tr|V5GGZ8|V5GGZ8_ANOGL Protein  93.6   0.064 2.1E-07   47.4   0.0   89   29-134   124-212 (228)
310 tr|A0A218WAZ0|A0A218WAZ0_PUNGR  93.6   0.066 2.1E-07   54.5   0.0   92   26-133   282-373 (982)
311 tr|A0A0L9UK26|A0A0L9UK26_PHAAN  93.5   0.072 2.2E-07   50.0   0.0   84   34-133    19-102 (428)
312 tr|M7AUY2|M7AUY2_CHEMY Bromo a  93.5   0.066 2.2E-07   51.2   0.0   94   27-134   315-408 (437)
313 tr|N1QT28|N1QT28_AEGTA GTPase   93.5   0.075 2.3E-07   51.2   0.0   83   36-133    58-141 (566)
314 tr|A0A1E5W2G1|A0A1E5W2G1_9POAL  93.5   0.075 2.3E-07   55.5   0.0   99   23-134   173-274 (1608)
315 tr|A0A2J7RQI8|A0A2J7RQI8_9NEOP  93.4   0.079 2.5E-07   56.4   0.0  111    5-134  1927-2038(2084)
316 tr|A0BIR2|A0BIR2_PARTE Unchara  93.3   0.084 2.6E-07   47.2   0.0   94   26-133    87-183 (269)
317 tr|A0A2P6TV20|A0A2P6TV20_CHLSO  93.3   0.084 2.6E-07   55.3   0.0   55   39-98    623-683 (1748)
318 tr|A0A1D5YEM3|A0A1D5YEM3_WHEAT  93.3   0.085 2.7E-07   51.5   0.0   70    3-90    159-228 (662)
319 tr|A0A197JN40|A0A197JN40_9FUNG  93.2   0.088 2.8E-07   54.1   0.0   89   28-134   262-351 (1102)
320 tr|A8JID3|A8JID3_CHLRE Predict  93.2   0.092 2.9E-07   46.4   0.0   59    3-73     15-73  (242)
321 tr|A0A0C9YQY6|A0A0C9YQY6_9HOMO  93.2   0.068 2.9E-07   43.8   0.0   84   42-132     1-84  (125)
322 tr|A0A166JSI3|A0A166JSI3_9HOMO  93.2   0.057   3E-07   57.5   0.0   97   29-134   625-725 (1289)
323 tr|A0A131XTM4|A0A131XTM4_IXORI  93.1   0.099 3.1E-07   53.0   0.0  114    4-134   860-979 (1047)
324 tr|Q4H2Y0|Q4H2Y0_CIOIN Transcr  93.1     0.1 3.1E-07   50.7   0.0   92   26-134    49-140 (610)
325 tr|A0A0T6B681|A0A0T6B681_9SCAR  93.1    0.08 3.2E-07   54.6   0.0   64   58-134     9-72  (821)
326 tr|A0A1Y2CY65|A0A1Y2CY65_9FUNG  93.1   0.098 3.2E-07   52.2   0.0   92   28-134   289-380 (701)
327 tr|A0A2M3ZFG3|A0A2M3ZFG3_9DIPT  93.1     0.1 3.3E-07   55.0   0.0   87   34-134  1317-1403(1468)
328 tr|C3Y0R0|C3Y0R0_BRAFL Unchara  93.1    0.11 3.3E-07   52.0   0.0   94   26-134   682-775 (846)
329 tr|J4KKX9|J4KKX9_BEAB2 Reverse  93.0    0.11 3.4E-07   53.8   0.0   95   26-133  1191-1290(1403)
330 tr|A0A131XDR9|A0A131XDR9_9ACAR  93.0    0.11 3.4E-07   51.2   0.0   87   34-134   571-657 (725)
331 tr|A0A212CZF9|A0A212CZF9_CEREH  93.0    0.11 3.5E-07   46.3   0.0   85    4-100    47-132 (260)
332 tr|D8UF31|D8UF31_VOLCA Unchara  92.9    0.12 3.7E-07   54.4   0.0   65   26-95    885-949 (1782)
333 tr|T2M8G1|T2M8G1_HYDVU Bromo a  92.8    0.13 3.9E-07   50.3   0.0   99   26-134   471-569 (632)
334 tr|A0A1S3X8R5|A0A1S3X8R5_TOBAC  92.8    0.12   4E-07   53.3   0.0   91   26-134   381-472 (1114)
335 tr|A0A0K6G3U2|A0A0K6G3U2_9HOMO  92.8    0.13 4.1E-07   48.2   0.0   87   27-130    92-178 (414)
336 tr|L7LV43|L7LV43_9ACAR Unchara  92.7    0.14 4.4E-07   51.7   0.0  117    4-134   764-883 (951)
337 tr|A0A088S8C6|A0A088S8C6_COCNU  92.6    0.13 4.4E-07   51.0   0.0   95   26-133    98-193 (579)
338 tr|A0A067MXU6|A0A067MXU6_9HOMO  92.6    0.14 4.4E-07   51.2   0.0  114    6-132   482-611 (849)
339 tr|V4AY50|V4AY50_LOTGI Unchara  92.5    0.16   5E-07   44.9   0.0   75   34-117    80-156 (237)
340 tr|A0A1E4TUL9|A0A1E4TUL9_PACTA  92.4    0.16 5.1E-07   51.8   0.0   89   31-133   541-629 (1105)
341 tr|A0A1Z5LDU8|A0A1Z5LDU8_ORNMO  92.4    0.16 5.1E-07   50.1   0.0   85   34-134   503-589 (658)
342 tr|A0A1S8BJR9|A0A1S8BJR9_9PEZI  92.1     0.2 6.2E-07   46.2   0.0   70   26-99    163-232 (336)
343 tr|A0A0C2WKZ6|A0A0C2WKZ6_9HOMO  92.0     0.2 6.6E-07   52.7   0.0  103   22-133   377-494 (1271)
344 tr|J9F2L0|J9F2L0_WUCBA Unchara  92.0    0.21 6.6E-07   48.8   0.0   85   34-133    46-130 (617)
345 tr|A0A2R6PBT0|A0A2R6PBT0_9APHY  92.0    0.17 6.7E-07   46.8   0.0   82   42-130   158-239 (282)
346 tr|A0A1B6HEG5|A0A1B6HEG5_9HEMI  91.9     0.2 6.9E-07   50.4   0.0   88   31-134   512-599 (657)
347 tr|A0A197K7K3|A0A197K7K3_9FUNG  91.9    0.23 7.1E-07   50.5   0.0   90   29-134   270-359 (989)
348 tr|D7M412|D7M412_ARALL Unchara  91.9    0.23 7.1E-07   44.6   0.0  104   27-134    26-134 (265)
349 tr|A0A1Y9H228|A0A1Y9H228_9DIPT  91.9    0.23 7.1E-07   54.5   0.0   87   34-134  3421-3507(3572)
350 tr|C5MF31|C5MF31_CANTT Unchara  91.8    0.22 7.3E-07   48.5   0.0   92   27-134    58-149 (512)
351 tr|A0A1Z5J7G8|A0A1Z5J7G8_FISSO  91.8    0.22 7.4E-07   53.7   0.0  103   30-133   543-657 (1699)
352 tr|A0A1L0CR05|A0A1L0CR05_9ASCO  91.8    0.23 7.6E-07   51.5   0.0   89   30-134   367-455 (985)
353 tr|A0A2U1LV01|A0A2U1LV01_ARTAN  91.7    0.25 7.6E-07   45.5   0.0   89   29-133   136-225 (329)
354 tr|A0A2F0AV99|A0A2F0AV99_ESCRO  91.7    0.24 7.7E-07   48.8   0.0   58   26-92      8-65  (609)
355 tr|W5NBZ9|W5NBZ9_LEPOC Bromo a  91.6     0.2   8E-07   52.1   0.0   94   27-134   677-771 (839)
356 tr|S4R753|S4R753_PETMA Polybro  91.6    0.24   8E-07   50.9   0.0   90   26-134   635-726 (859)
357 tr|T2MB51|T2MB51_HYDVU Protein  91.4    0.29 8.9E-07   50.0   0.0   92   26-133   230-321 (1011)
358 tr|A0A1V2LAX2|A0A1V2LAX2_CYBFA  91.3     0.3 9.3E-07   49.5   0.0   87   31-133   709-795 (922)
359 tr|A0A067DSS9|A0A067DSS9_CITSI  91.2    0.29 9.9E-07   42.8   0.0   70   56-133    11-80  (182)
360 tr|A0A094HUR6|A0A094HUR6_9PEZI  91.2     0.3 9.9E-07   46.5   0.0   67   26-96     91-159 (385)
361 tr|A0A0D2B8C3|A0A0D2B8C3_9PEZI  91.2    0.32   1E-06   45.1   0.0   73   26-102   104-181 (351)
362 tr|E4ZX26|E4ZX26_LEPMJ Unchara  91.2    0.33   1E-06   46.9   0.0   77   23-103   113-190 (513)
363 tr|H3AIP7|H3AIP7_LATCH ASH1 li  91.1    0.27   1E-06   51.7   0.0   98   26-134   603-714 (925)
364 tr|A0A0M0J4W1|A0A0M0J4W1_9EUKA  91.1    0.34 1.1E-06   42.4   0.0   93   34-134     9-102 (208)
365 tr|A0A067P3G2|A0A067P3G2_PLEOS  91.0    0.26 1.1E-06   52.7   0.0   94   27-134   436-530 (1098)
366 tr|A0A1R3ILZ9|A0A1R3ILZ9_COCAP  91.0    0.35 1.1E-06   50.4   0.0   93   26-134   667-760 (1333)
367 tr|S4PFX3|S4PFX3_9NEOP DNA cyt  91.0    0.36 1.1E-06   39.5   0.0   59    3-73     64-122 (127)
368 tr|A0A0C3QH06|A0A0C3QH06_9HOMO  90.9    0.36 1.1E-06   49.1   0.0   66   22-93    190-255 (938)
369 tr|B8B3M1|B8B3M1_ORYSI Unchara  90.8    0.38 1.2E-06   49.3   0.0  101   26-134   119-237 (1043)
370 tr|A0A2U1PNH3|A0A2U1PNH3_ARTAN  90.8    0.39 1.2E-06   44.0   0.0   95   26-133   134-228 (304)
371 tr|A0A164RK23|A0A164RK23_9CRUS  90.6    0.42 1.3E-06   51.3   0.0   92   26-134  1538-1629(2089)
372 tr|A0A2P6RE97|A0A2P6RE97_ROSCH  90.5    0.43 1.3E-06   34.8   0.0   39   26-71     22-60  (61)
373 tr|J9F2L0|J9F2L0_WUCBA Unchara  90.5    0.44 1.4E-06   46.9   0.0   94   22-133   254-349 (617)
374 tr|A0A183AW97|A0A183AW97_9TREM  90.5    0.45 1.4E-06   46.6   0.0   93   27-133   130-224 (582)
375 tr|A0A2G2VD49|A0A2G2VD49_CAPBA  90.4    0.46 1.4E-06   46.7   0.0   77   26-116   182-258 (602)
376 tr|A0A250WW31|A0A250WW31_9CHLO  90.3    0.39 1.5E-06   53.3   0.0   70   62-134  1253-1323(1871)
377 tr|A0A2R2MMF5|A0A2R2MMF5_LINUN  90.3    0.47 1.5E-06   48.0   0.0   87   34-134   697-783 (851)
378 tr|A0A251RQZ9|A0A251RQZ9_HELAN  90.0    0.52 1.6E-06   49.3   0.0   91   27-134   598-688 (1322)
379 tr|A0A0A9NRE4|A0A0A9NRE4_ARUDO  89.9    0.56 1.7E-06   44.5   0.0   81    3-100   322-402 (412)
380 tr|A0A165EL41|A0A165EL41_EXIGL  89.8    0.57 1.8E-06   43.7   0.0   66   34-100    54-126 (348)
381 tr|N0E187|N0E187_9MICO Unchara  89.8    0.57 1.8E-06   34.1   0.0   38   48-90     23-60  (60)
382 tr|A0A1Y1HNW8|A0A1Y1HNW8_KLENI  89.8    0.57 1.8E-06   45.9   0.0   95   26-132    84-178 (576)
383 tr|A0A2G3AZA6|A0A2G3AZA6_CAPCH  89.6    0.61 1.9E-06   47.4   0.0   77   26-116   216-292 (880)
384 tr|A0A1Y2G8M2|A0A1Y2G8M2_9FUNG  89.5    0.47   2E-06   51.0   0.0   83   34-134    15-98  (1098)
385 tr|K7IYC0|K7IYC0_NASVI DNA (cy  89.4    0.66 2.1E-06   49.4   0.0   77    4-93    844-920 (1682)
386 tr|F6SYS4|F6SYS4_ORNAN Unchara  89.4    0.64 2.1E-06   48.3   0.0   87    4-102   851-938 (1033)
387 tr|A0A2U1QLE2|A0A2U1QLE2_ARTAN  89.2     0.7 2.2E-06   42.3   0.0   65   59-133    92-156 (292)
388 tr|A0A2G3AZ90|A0A2G3AZ90_CAPCH  89.2     0.7 2.2E-06   46.6   0.0   77   26-116   112-188 (748)
389 tr|H2YKI3|H2YKI3_CIOSA Unchara  89.0    0.75 2.3E-06   43.4   0.0   59   33-100    71-129 (379)
390 tr|A0A0T6B8G2|A0A0T6B8G2_9SCAR  89.0    0.68 2.3E-06   45.9   0.0   90   27-133   115-204 (520)
391 tr|A0A151W0S1|A0A151W0S1_HYPMA  89.0    0.75 2.3E-06   48.7   0.0   91   37-134   107-204 (1509)
392 tr|A0A0R3U9X2|A0A0R3U9X2_9CEST  89.0    0.76 2.4E-06   44.1   0.0  103   18-134    62-174 (447)
393 tr|A9TL85|A9TL85_PHYPA Predict  89.0    0.76 2.4E-06   47.0   0.0   96   26-134   322-417 (937)
394 tr|A0A2K2C9E7|A0A2K2C9E7_POPTR  88.9    0.77 2.4E-06   43.7   0.0   65   59-133     6-70  (415)
395 tr|A0A1E3QE73|A0A1E3QE73_LIPST  88.8    0.79 2.5E-06   43.7   0.0   69   26-98    174-245 (418)
396 tr|K1X1R2|K1X1R2_MARBU Beta-Al  88.8    0.79 2.5E-06   49.4   0.0   87   16-118  1157-1243(2005)
397 tr|F6HCV8|F6HCV8_VITVI Unchara  88.8    0.81 2.5E-06   38.4   0.0   66   59-134     6-71  (145)
398 tr|A0A137R0T4|A0A137R0T4_9AGAR  88.7    0.65 2.6E-06   40.3   0.0   84   41-131    38-121 (163)
399 tr|A0A0T6B681|A0A0T6B681_9SCAR  88.6    0.66 2.6E-06   48.7   0.0   99   27-134   148-280 (821)
400 tr|A0A0R3UGY9|A0A0R3UGY9_9CEST  88.6    0.74 2.7E-06   48.5   0.0   66   27-99    621-688 (911)
401 tr|F9XC80|F9XC80_ZYMTI Unchara  88.4    0.91 2.8E-06   44.4   0.0   70   26-99    289-359 (537)
402 tr|A0A2U1KP30|A0A2U1KP30_ARTAN  88.4    0.83 2.8E-06   44.3   0.0   69   26-101    33-101 (413)
403 tr|G0R4X8|G0R4X8_ICHMG Unchara  88.4    0.91 2.8E-06   39.5   0.0   75   37-118    30-104 (189)
404 tr|A0A061H331|A0A061H331_9BASI  88.3    0.92 2.9E-06   47.3   0.0   97   23-133   597-693 (1170)
405 tr|F4S0L7|F4S0L7_MELLP Unchara  88.3    0.92 2.9E-06   45.0   0.0   93   27-134   227-319 (630)
406 tr|A0A0K8TC42|A0A0K8TC42_LYGHE  88.3    0.93 2.9E-06   48.0   0.0   78    5-93   1300-1379(1463)
407 tr|A0A2P5YBS7|A0A2P5YBS7_GOSBA  88.3    0.94 2.9E-06   42.6   0.0   63   59-133   232-295 (363)
408 tr|A0A0V1HXS6|A0A0V1HXS6_9BILA  87.9    0.97 3.2E-06   48.5   0.0   57   34-99     84-140 (1326)

